#
# A fatal error has been detected by the Java Runtime Environment:
#
#  SIGSEGV (0xb) at pc=0x00007f519f3c028e, pid=8146, tid=139988721456896
#
# JRE version: Java(TM) SE Runtime Environment (7.0_45-b18) (build 1.7.0_45-b18)
# Java VM: Java HotSpot(TM) 64-Bit Server VM (24.45-b08 mixed mode linux-amd64 compressed oops)
# Problematic frame:
# C  [libgtk-x11-2.0.so.0+0x25628e]  gtk_widget_get_has_window+0xe
#
# Failed to write core dump. Core dumps have been disabled. To enable core dumping, try "ulimit -c unlimited" before starting Java again
#
# If you would like to submit a bug report, please visit:
#   http://bugreport.sun.com/bugreport/crash.jsp
# The crash happened outside the Java Virtual Machine in native code.
# See problematic frame for where to report the bug.
#

---------------  T H R E A D  ---------------

Current thread (0x00000000020ce000):  JavaThread "main" [_thread_in_native, id=8152, stack(0x00007f51a9f3d000,0x00007f51aa03e000)]

siginfo:si_signo=SIGSEGV: si_errno=0, si_code=1 (SEGV_MAPERR), si_addr=0x0000000000000037

Registers:
RAX=0x00007f5198127d10, RBX=0x0000000000000037, RCX=0x0000000000000509, RDX=0x00007f519f3c0280
RSP=0x00007f51aa03abc0, RBP=0x00007f51aa03ac38, RSI=0x00007f51aa03ac48, RDI=0x0000000000000037
R8 =0x00000000022b0b00, R9 =0x0000000000000000, R10=0x00007f51a4316cac, R11=0x00007f51a8ec0a90
R12=0x0000000000000000, R13=0x00000000bf5aaaa8, R14=0x00007f51aa03ac60, R15=0x00000000020ce000
RIP=0x00007f519f3c028e, EFLAGS=0x0000000000010202, CSGSFS=0x0000000000000033, ERR=0x0000000000000004
  TRAPNO=0x000000000000000e

Top of Stack: (sp=0x00007f51aa03abc0)
0x00007f51aa03abc0:   0000000000000037 00007f519f7ff7b7
0x00007f51aa03abd0:   00000000bf5aaaa8 00007f51a4316cd8
0x00007f51aa03abe0:   4084080000000000 00007f51000010c0
0x00007f51aa03abf0:   00007f51980e1ce0 00007f51aa03abf8
0x00007f51aa03ac00:   0000000000000000 00007f51aa03ac60
0x00007f51aa03ac10:   00000000bf5c7960 0000000000000000
0x00007f51aa03ac20:   00000000bf5aaaa8 0000000000000000
0x00007f51aa03ac30:   00007f51aa03ac58 00007f51aa03aca8
0x00007f51aa03ac40:   00007f51a430a350 00000000ec28d418
0x00007f51aa03ac50:   00007f51a4312cc0 0000000000000037
0x00007f51aa03ac60:   0000000000000003 00007f51aa03ac68
0x00007f51aa03ac70:   00000000bf5aab80 00007f51aa03acd8
0x00007f51aa03ac80:   00000000bf5c7960 0000000000000000
0x00007f51aa03ac90:   00000000bf5aabb0 00007f51aa03ac58
0x00007f51aa03aca0:   00007f51aa03acd0 00007f51aa03ad20
0x00007f51aa03acb0:   00007f51a430a350 0000000000000000
0x00007f51aa03acc0:   0000000000000000 0000000000000000
0x00007f51aa03acd0:   0000000000000037 000000000002180a
0x00007f51aa03ace0:   00007f51aa03ace0 00000000bf4def66
0x00007f51aa03acf0:   00007f51aa03ad40 00000000bf650e60
0x00007f51aa03ad00:   0000000000000000 00000000bf4def80
0x00007f51aa03ad10:   00007f51aa03acd0 00007f51aa03ad30
0x00007f51aa03ad20:   00007f51aa03ad88 00007f51a430a350
0x00007f51aa03ad30:   0000000000000037 0000000000000037
0x00007f51aa03ad40:   00000000ec5b5068 00007f51aa03ad48
0x00007f51aa03ad50:   00000000bf4c27ea 00007f51aa03adb8
0x00007f51aa03ad60:   00000000bf6545d0 0000000000000000
0x00007f51aa03ad70:   00000000bf4c2800 00007f51aa03ad30
0x00007f51aa03ad80:   00007f51aa03adb8 00007f51aa03ae00
0x00007f51aa03ad90:   00007f51a430a175 0000000000000037
0x00007f51aa03ada0:   0000000000000000 000000000233a830
0x00007f51aa03adb0:   0000000000000000 00000000ec5b5068 

Instructions: (pc=0x00007f519f3c028e)
0x00007f519f3c026e:   48 83 c4 18 c3 66 66 66 66 2e 0f 1f 84 00 00 00
0x00007f519f3c027e:   00 00 53 48 89 fb e8 77 e4 ff ff 48 85 db 74 1c
0x00007f519f3c028e:   48 8b 13 48 85 d2 74 05 48 39 02 74 35 48 89 c6
0x00007f519f3c029e:   48 89 df e8 8a ad e1 ff 85 c0 75 26 48 8d 15 a5 

Register to memory mapping:

RAX=0x00007f5198127d10 is an unknown value
RBX=0x0000000000000037 is an unknown value
RCX=0x0000000000000509 is an unknown value
RDX=0x00007f519f3c0280: gtk_widget_get_has_window+0 in /usr/lib/x86_64-linux-gnu/libgtk-x11-2.0.so.0 at 0x00007f519f16a000
RSP=0x00007f51aa03abc0 is pointing into the stack for thread: 0x00000000020ce000
RBP=0x00007f51aa03ac38 is pointing into the stack for thread: 0x00000000020ce000
RSI=0x00007f51aa03ac48 is pointing into the stack for thread: 0x00000000020ce000
RDI=0x0000000000000037 is an unknown value
R8 =0x00000000022b0b00 is an unknown value
R9 =0x0000000000000000 is an unknown value
R10=0x00007f51a4316cac is at code_begin+620 in an Interpreter codelet
method entry point (kind = native)  [0x00007f51a4316a40, 0x00007f51a43172a0]  2144 bytes
R11=0x00007f51a8ec0a90: <offset 0x8a7a90> in /usr/lib/jvm/java-7-oracle/jre/lib/amd64/server/libjvm.so at 0x00007f51a8619000
R12=0x0000000000000000 is an unknown value
R13=0x00000000bf5aaaa8 is an oop
{method} 
 - klass: {other class}
R14=0x00007f51aa03ac60 is pointing into the stack for thread: 0x00000000020ce000
R15=0x00000000020ce000 is a thread


Stack: [0x00007f51a9f3d000,0x00007f51aa03e000],  sp=0x00007f51aa03abc0,  free space=1014k
Native frames: (J=compiled Java code, j=interpreted, Vv=VM code, C=native code)
C  [libgtk-x11-2.0.so.0+0x25628e]  gtk_widget_get_has_window+0xe
j  org.eclipse.swt.internal.gtk.OS.gtk_widget_get_has_window(J)Z+8
j  org.eclipse.swt.widgets.Widget.gtk_widget_get_has_window(J)Z+14
j  org.eclipse.swt.widgets.Control.paintHandle()J+18
j  org.eclipse.swt.widgets.Control.paintWindow()J+1
j  org.eclipse.swt.widgets.Widget.windowProc(JJJ)J+292
j  org.eclipse.swt.widgets.Control.windowProc(JJJ)J+466
j  org.eclipse.swt.widgets.Display.windowProc(JJJ)J+20
v  ~StubRoutines::call_stub
V  [libjvm.so+0x5f8485]  JavaCalls::call_helper(JavaValue*, methodHandle*, JavaCallArguments*, Thread*)+0x365
V  [libjvm.so+0x5f6ee8]  JavaCalls::call(JavaValue*, methodHandle, JavaCallArguments*, Thread*)+0x28
V  [libjvm.so+0x630ba4]  jni_invoke_nonstatic(JNIEnv_*, JavaValue*, _jobject*, JNICallType, _jmethodID*, JNI_ArgumentPusher*, Thread*)+0x2b4
V  [libjvm.so+0x641079]  jni_CallLongMethodV+0xe9

Java frames: (J=compiled Java code, j=interpreted, Vv=VM code)
j  org.eclipse.swt.internal.gtk.OS._gtk_widget_get_has_window(J)Z+0
j  org.eclipse.swt.internal.gtk.OS.gtk_widget_get_has_window(J)Z+8
j  org.eclipse.swt.widgets.Widget.gtk_widget_get_has_window(J)Z+14
j  org.eclipse.swt.widgets.Control.paintHandle()J+18
j  org.eclipse.swt.widgets.Control.paintWindow()J+1
j  org.eclipse.swt.widgets.Widget.windowProc(JJJ)J+292
j  org.eclipse.swt.widgets.Control.windowProc(JJJ)J+466
j  org.eclipse.swt.widgets.Display.windowProc(JJJ)J+20
v  ~StubRoutines::call_stub
j  org.eclipse.swt.internal.gtk.OS._gtk_main_do_event(J)V+0
j  org.eclipse.swt.internal.gtk.OS.gtk_main_do_event(J)V+8
j  org.eclipse.swt.widgets.Display.eventProc(JJ)J+149
v  ~StubRoutines::call_stub
j  org.eclipse.swt.internal.gtk.OS._g_main_context_iteration(JZ)Z+0
j  org.eclipse.swt.internal.gtk.OS.g_main_context_iteration(JZ)Z+9
j  org.eclipse.swt.widgets.Display.readAndDispatch()Z+36
j  com.marajy.mp3renamer.Main.main([Ljava/lang/String;)V+3087
v  ~StubRoutines::call_stub

---------------  P R O C E S S  ---------------

Java Threads: ( => current thread )
  0x0000000002334800 JavaThread "Java Sound Event Dispatcher" daemon [_thread_blocked, id=8185, stack(0x00007f518bef2000,0x00007f518bff3000)]
  0x00007f5198008000 JavaThread "Thread-1" [_thread_blocked, id=8178, stack(0x00007f518c712000,0x00007f518c813000)]
  0x00007f5198001000 JavaThread "Service Thread" daemon [_thread_blocked, id=8163, stack(0x00007f519fde7000,0x00007f519fee8000)]
  0x000000000215f000 JavaThread "C2 CompilerThread1" daemon [_thread_blocked, id=8162, stack(0x00007f519fee8000,0x00007f519ffe9000)]
  0x000000000215b800 JavaThread "C2 CompilerThread0" daemon [_thread_blocked, id=8161, stack(0x00007f519ffe9000,0x00007f51a00ea000)]
  0x0000000002151000 JavaThread "Signal Dispatcher" daemon [_thread_blocked, id=8160, stack(0x00007f51a00ea000,0x00007f51a01eb000)]
  0x000000000213a000 JavaThread "Finalizer" daemon [_thread_blocked, id=8159, stack(0x00007f51a0362000,0x00007f51a0463000)]
  0x0000000002130800 JavaThread "Reference Handler" daemon [_thread_blocked, id=8158, stack(0x00007f51a0463000,0x00007f51a0564000)]
=>0x00000000020ce000 JavaThread "main" [_thread_in_native, id=8152, stack(0x00007f51a9f3d000,0x00007f51aa03e000)]

Other Threads:
  0x000000000212e000 VMThread [stack: 0x00007f51a0564000,0x00007f51a0665000] [id=8157]
  0x00007f519800c000 WatcherThread [stack: 0x00007f519fce6000,0x00007f519fde7000] [id=8164]

VM state:not at safepoint (normal execution)

VM Mutex/Monitor currently owned by a thread: None

Heap
 PSYoungGen      total 17920K, used 12235K [0x00000000ec100000, 0x00000000ed500000, 0x0000000100000000)
  eden space 15360K, 79% used [0x00000000ec100000,0x00000000eccf2f20,0x00000000ed000000)
  from space 2560K, 0% used [0x00000000ed280000,0x00000000ed280000,0x00000000ed500000)
  to   space 2560K, 0% used [0x00000000ed000000,0x00000000ed000000,0x00000000ed280000)
 ParOldGen       total 40448K, used 0K [0x00000000c4400000, 0x00000000c6b80000, 0x00000000ec100000)
  object space 40448K, 0% used [0x00000000c4400000,0x00000000c4400000,0x00000000c6b80000)
 PSPermGen       total 21504K, used 8538K [0x00000000bf200000, 0x00000000c0700000, 0x00000000c4400000)
  object space 21504K, 39% used [0x00000000bf200000,0x00000000bfa56b18,0x00000000c0700000)

Card table byte_map: [0x00007f51a40fc000,0x00007f51a4304000] byte_map_base: 0x00007f51a3b03000

Polling page: 0x00007f51aa05c000

Code Cache  [0x00007f51a4304000, 0x00007f51a4574000, 0x00007f51a7304000)
 total_blobs=481 nmethods=66 adapters=369 free_code_cache=48404Kb largest_free_block=49536448

Compilation events (10 events):
Event: 33,242 Thread 0x000000000215f000 nmethod 62 0x00007f51a43a8450 code [0x00007f51a43a85a0, 0x00007f51a43a87f8]
Event: 33,242 Thread 0x000000000215b800 nmethod 61 0x00007f51a43a7f90 code [0x00007f51a43a80e0, 0x00007f51a43a8338]
Event: 33,351 Thread 0x000000000215f000   63             javazoom.jl.decoder.LayerIIIDecoder::inv_mdct (2339 bytes)
Event: 33,380 Thread 0x000000000215f000 nmethod 63 0x00007f51a43b1b10 code [0x00007f51a43b2080, 0x00007f51a43b3198]
Event: 33,486 Thread 0x000000000215b800   64             javazoom.jl.decoder.Bitstream::get_bits (164 bytes)
Event: 33,492 Thread 0x000000000215b800 nmethod 64 0x00007f51a43a9d10 code [0x00007f51a43a9e60, 0x00007f51a43aa098]
Event: 33,886 Thread 0x000000000215f000   65             javazoom.jl.decoder.Bitstream::parse_frame (152 bytes)
Event: 33,900 Thread 0x000000000215f000 nmethod 65 0x00007f51a43a9610 code [0x00007f51a43a9760, 0x00007f51a43a9b58]
Event: 34,963 Thread 0x000000000215b800   66             javazoom.jl.decoder.SynthesisFilter::compute_new_v (2793 bytes)
Event: 34,996 Thread 0x000000000215b800 nmethod 66 0x00007f51a43ae290 code [0x00007f51a43ae680, 0x00007f51a43af8d8]

GC Heap History (0 events):
No events

Deoptimization events (1 events):
Event: 31,037 Thread 0x00007f5198008000 Uncommon trap: reason=null_check action=make_not_entrant pc=0x00007f51a4380358 method=java.lang.String.equals(Ljava/lang/Object;)Z @ 8

Internal exceptions (10 events):
Event: 31,801 Thread 0x00007f5198008000 Threw 0x00000000ecc07158 at /HUDSON/workspace/7u-2-build-linux-amd64/jdk7u45/229/hotspot/src/share/vm/prims/jvm.cpp:1244
Event: 31,804 Thread 0x00007f5198008000 Threw 0x00000000ecc13ec8 at /HUDSON/workspace/7u-2-build-linux-amd64/jdk7u45/229/hotspot/src/share/vm/prims/jvm.cpp:1244
Event: 31,817 Thread 0x00007f5198008000 Threw 0x00000000ecc2a980 at /HUDSON/workspace/7u-2-build-linux-amd64/jdk7u45/229/hotspot/src/share/vm/prims/jvm.cpp:1244
Event: 31,828 Thread 0x00007f5198008000 Threw 0x00000000ecc6dec8 at /HUDSON/workspace/7u-2-build-linux-amd64/jdk7u45/229/hotspot/src/share/vm/prims/jvm.cpp:1244
Event: 31,828 Thread 0x00007f5198008000 Threw 0x00000000ecc70d08 at /HUDSON/workspace/7u-2-build-linux-amd64/jdk7u45/229/hotspot/src/share/vm/prims/jvm.cpp:1244
Event: 31,829 Thread 0x00007f5198008000 Threw 0x00000000ecc79028 at /HUDSON/workspace/7u-2-build-linux-amd64/jdk7u45/229/hotspot/src/share/vm/prims/jvm.cpp:1244
Event: 31,829 Thread 0x00007f5198008000 Threw 0x00000000ecc7bc10 at /HUDSON/workspace/7u-2-build-linux-amd64/jdk7u45/229/hotspot/src/share/vm/prims/jvm.cpp:1244
Event: 31,830 Thread 0x00007f5198008000 Threw 0x00000000ecc9e868 at /HUDSON/workspace/7u-2-build-linux-amd64/jdk7u45/229/hotspot/src/share/vm/prims/jvm.cpp:1244
Event: 31,830 Thread 0x00007f5198008000 Threw 0x00000000ecca1960 at /HUDSON/workspace/7u-2-build-linux-amd64/jdk7u45/229/hotspot/src/share/vm/prims/jvm.cpp:1244
Event: 31,831 Thread 0x00007f5198008000 Threw 0x00000000ecca45e8 at /HUDSON/workspace/7u-2-build-linux-amd64/jdk7u45/229/hotspot/src/share/vm/prims/jvm.cpp:1244

Events (10 events):
Event: 31,829 loading class 0x000000000221cea0
Event: 31,829 loading class 0x000000000221cea0 done
Event: 31,829 loading class 0x000000000221cee0
Event: 31,829 loading class 0x000000000221cee0 done
Event: 31,830 loading class 0x000000000221cf20
Event: 31,830 loading class 0x000000000221cf20 done
Event: 31,830 loading class 0x000000000221cf70
Event: 31,830 loading class 0x000000000221cf70 done
Event: 31,831 loading class 0x000000000221cfc0
Event: 31,831 loading class 0x000000000221cfc0 done


Dynamic libraries:
00400000-00401000 r-xp 00000000 08:01 5806596                            /usr/lib/jvm/java-7-oracle/bin/java
00600000-00601000 rw-p 00000000 08:01 5806596                            /usr/lib/jvm/java-7-oracle/bin/java
020c3000-02cff000 rw-p 00000000 00:00 0                                  [heap]
bf200000-c0700000 rw-p 00000000 00:00 0 
c0700000-c4400000 rw-p 00000000 00:00 0 
c4400000-c6b80000 rw-p 00000000 00:00 0 
c6b80000-ec100000 rw-p 00000000 00:00 0 
ec100000-ed500000 rw-p 00000000 00:00 0 
ed500000-100000000 rw-p 00000000 00:00 0 
7f518573c000-7f518973d000 rw-s 00000000 00:11 6449262                    /run/shm/pulse-shm-624950610
7f518973d000-7f5189743000 r-xp 00000000 08:01 6426505                    /usr/lib/x86_64-linux-gnu/alsa-lib/libasound_module_pcm_pulse.so
7f5189743000-7f5189942000 ---p 00006000 08:01 6426505                    /usr/lib/x86_64-linux-gnu/alsa-lib/libasound_module_pcm_pulse.so
7f5189942000-7f5189943000 r--p 00005000 08:01 6426505                    /usr/lib/x86_64-linux-gnu/alsa-lib/libasound_module_pcm_pulse.so
7f5189943000-7f5189944000 rw-p 00006000 08:01 6426505                    /usr/lib/x86_64-linux-gnu/alsa-lib/libasound_module_pcm_pulse.so
7f5189944000-7f518994a000 r-xp 00000000 08:01 5775674                    /usr/lib/x86_64-linux-gnu/libogg.so.0.8.0
7f518994a000-7f5189b49000 ---p 00006000 08:01 5775674                    /usr/lib/x86_64-linux-gnu/libogg.so.0.8.0
7f5189b49000-7f5189b4a000 rw-p 00005000 08:01 5775674                    /usr/lib/x86_64-linux-gnu/libogg.so.0.8.0
7f5189b4a000-7f5189b76000 r-xp 00000000 08:01 5775678                    /usr/lib/x86_64-linux-gnu/libvorbis.so.0.4.5
7f5189b76000-7f5189d75000 ---p 0002c000 08:01 5775678                    /usr/lib/x86_64-linux-gnu/libvorbis.so.0.4.5
7f5189d75000-7f5189d76000 r--p 0002b000 08:01 5775678                    /usr/lib/x86_64-linux-gnu/libvorbis.so.0.4.5
7f5189d76000-7f5189d77000 rw-p 0002c000 08:01 5775678                    /usr/lib/x86_64-linux-gnu/libvorbis.so.0.4.5
7f5189d77000-7f518a02a000 r-xp 00000000 08:01 5777722                    /usr/lib/x86_64-linux-gnu/libvorbisenc.so.2.0.8
7f518a02a000-7f518a229000 ---p 002b3000 08:01 5777722                    /usr/lib/x86_64-linux-gnu/libvorbisenc.so.2.0.8
7f518a229000-7f518a245000 r--p 002b2000 08:01 5777722                    /usr/lib/x86_64-linux-gnu/libvorbisenc.so.2.0.8
7f518a245000-7f518a246000 rw-p 002ce000 08:01 5777722                    /usr/lib/x86_64-linux-gnu/libvorbisenc.so.2.0.8
7f518a246000-7f518a291000 r-xp 00000000 08:01 5777720                    /usr/lib/x86_64-linux-gnu/libFLAC.so.8.2.0
7f518a291000-7f518a490000 ---p 0004b000 08:01 5777720                    /usr/lib/x86_64-linux-gnu/libFLAC.so.8.2.0
7f518a490000-7f518a491000 r--p 0004a000 08:01 5777720                    /usr/lib/x86_64-linux-gnu/libFLAC.so.8.2.0
7f518a491000-7f518a492000 rw-p 0004b000 08:01 5777720                    /usr/lib/x86_64-linux-gnu/libFLAC.so.8.2.0
7f518a492000-7f518a496000 r-xp 00000000 08:01 4980822                    /lib/x86_64-linux-gnu/libuuid.so.1.3.0
7f518a496000-7f518a695000 ---p 00004000 08:01 4980822                    /lib/x86_64-linux-gnu/libuuid.so.1.3.0
7f518a695000-7f518a696000 r--p 00003000 08:01 4980822                    /lib/x86_64-linux-gnu/libuuid.so.1.3.0
7f518a696000-7f518a697000 rw-p 00004000 08:01 4980822                    /lib/x86_64-linux-gnu/libuuid.so.1.3.0
7f518a697000-7f518a69b000 r-xp 00000000 08:01 4980739                    /lib/x86_64-linux-gnu/libattr.so.1.1.0
7f518a69b000-7f518a89a000 ---p 00004000 08:01 4980739                    /lib/x86_64-linux-gnu/libattr.so.1.1.0
7f518a89a000-7f518a89b000 r--p 00003000 08:01 4980739                    /lib/x86_64-linux-gnu/libattr.so.1.1.0
7f518a89b000-7f518a89c000 rw-p 00004000 08:01 4980739                    /lib/x86_64-linux-gnu/libattr.so.1.1.0
7f518a89c000-7f518a8a1000 r-xp 00000000 08:01 5777718                    /usr/lib/x86_64-linux-gnu/libasyncns.so.0.3.1
7f518a8a1000-7f518aaa0000 ---p 00005000 08:01 5777718                    /usr/lib/x86_64-linux-gnu/libasyncns.so.0.3.1
7f518aaa0000-7f518aaa1000 rw-p 00004000 08:01 5777718                    /usr/lib/x86_64-linux-gnu/libasyncns.so.0.3.1
7f518aaa1000-7f518ab02000 r-xp 00000000 08:01 5777724                    /usr/lib/x86_64-linux-gnu/libsndfile.so.1.0.25
7f518ab02000-7f518ad01000 ---p 00061000 08:01 5777724                    /usr/lib/x86_64-linux-gnu/libsndfile.so.1.0.25
7f518ad01000-7f518ad03000 r--p 00060000 08:01 5777724                    /usr/lib/x86_64-linux-gnu/libsndfile.so.1.0.25
7f518ad03000-7f518ad04000 rw-p 00062000 08:01 5777724                    /usr/lib/x86_64-linux-gnu/libsndfile.so.1.0.25
7f518ad04000-7f518ad08000 rw-p 00000000 00:00 0 
7f518ad08000-7f518ad11000 r-xp 00000000 08:01 4984180                    /lib/x86_64-linux-gnu/libwrap.so.0.7.6
7f518ad11000-7f518af10000 ---p 00009000 08:01 4984180                    /lib/x86_64-linux-gnu/libwrap.so.0.7.6
7f518af10000-7f518af11000 r--p 00008000 08:01 4984180                    /lib/x86_64-linux-gnu/libwrap.so.0.7.6
7f518af11000-7f518af12000 rw-p 00009000 08:01 4984180                    /lib/x86_64-linux-gnu/libwrap.so.0.7.6
7f518af12000-7f518af13000 rw-p 00000000 00:00 0 
7f518af13000-7f518af1a000 r-xp 00000000 08:01 5776223                    /usr/lib/x86_64-linux-gnu/libSM.so.6.0.1
7f518af1a000-7f518b119000 ---p 00007000 08:01 5776223                    /usr/lib/x86_64-linux-gnu/libSM.so.6.0.1
7f518b119000-7f518b11a000 rw-p 00006000 08:01 5776223                    /usr/lib/x86_64-linux-gnu/libSM.so.6.0.1
7f518b11a000-7f518b131000 r-xp 00000000 08:01 5776221                    /usr/lib/x86_64-linux-gnu/libICE.so.6.3.0
7f518b131000-7f518b330000 ---p 00017000 08:01 5776221                    /usr/lib/x86_64-linux-gnu/libICE.so.6.3.0
7f518b330000-7f518b332000 rw-p 00016000 08:01 5776221                    /usr/lib/x86_64-linux-gnu/libICE.so.6.3.0
7f518b332000-7f518b335000 rw-p 00000000 00:00 0 
7f518b335000-7f518b336000 r-xp 00000000 08:01 5774337                    /usr/lib/x86_64-linux-gnu/libX11-xcb.so.1.0.0
7f518b336000-7f518b535000 ---p 00001000 08:01 5774337                    /usr/lib/x86_64-linux-gnu/libX11-xcb.so.1.0.0
7f518b535000-7f518b536000 rw-p 00000000 08:01 5774337                    /usr/lib/x86_64-linux-gnu/libX11-xcb.so.1.0.0
7f518b536000-7f518b53a000 r-xp 00000000 08:01 4984162                    /lib/x86_64-linux-gnu/libcap.so.2.22
7f518b53a000-7f518b739000 ---p 00004000 08:01 4984162                    /lib/x86_64-linux-gnu/libcap.so.2.22
7f518b739000-7f518b73a000 rw-p 00003000 08:01 4984162                    /lib/x86_64-linux-gnu/libcap.so.2.22
7f518b73a000-7f518b79b000 r-xp 00000000 08:01 5777729                    /usr/lib/x86_64-linux-gnu/pulseaudio/libpulsecommon-2.0.so
7f518b79b000-7f518b99a000 ---p 00061000 08:01 5777729                    /usr/lib/x86_64-linux-gnu/pulseaudio/libpulsecommon-2.0.so
7f518b99a000-7f518b99b000 r--p 00060000 08:01 5777729                    /usr/lib/x86_64-linux-gnu/pulseaudio/libpulsecommon-2.0.so
7f518b99b000-7f518b99d000 rw-p 00061000 08:01 5777729                    /usr/lib/x86_64-linux-gnu/pulseaudio/libpulsecommon-2.0.so
7f518b99d000-7f518b9a6000 r-xp 00000000 08:01 4984228                    /lib/x86_64-linux-gnu/libjson.so.0.1.0
7f518b9a6000-7f518bba5000 ---p 00009000 08:01 4984228                    /lib/x86_64-linux-gnu/libjson.so.0.1.0
7f518bba5000-7f518bba6000 r--p 00008000 08:01 4984228                    /lib/x86_64-linux-gnu/libjson.so.0.1.0
7f518bba6000-7f518bba7000 rw-p 00009000 08:01 4984228                    /lib/x86_64-linux-gnu/libjson.so.0.1.0
7f518bba7000-7f518bbf0000 r-xp 00000000 08:01 5777726                    /usr/lib/x86_64-linux-gnu/libpulse.so.0.14.2
7f518bbf0000-7f518bdef000 ---p 00049000 08:01 5777726                    /usr/lib/x86_64-linux-gnu/libpulse.so.0.14.2
7f518bdef000-7f518bdf0000 r--p 00048000 08:01 5777726                    /usr/lib/x86_64-linux-gnu/libpulse.so.0.14.2
7f518bdf0000-7f518bdf1000 rw-p 00049000 08:01 5777726                    /usr/lib/x86_64-linux-gnu/libpulse.so.0.14.2
7f518bef2000-7f518bef5000 ---p 00000000 00:00 0 
7f518bef5000-7f518bff3000 rw-p 00000000 00:00 0 
7f518bff3000-7f518c0df000 r-xp 00000000 08:01 5775672                    /usr/lib/x86_64-linux-gnu/libasound.so.2.0.0
7f518c0df000-7f518c2df000 ---p 000ec000 08:01 5775672                    /usr/lib/x86_64-linux-gnu/libasound.so.2.0.0
7f518c2df000-7f518c2e5000 r--p 000ec000 08:01 5775672                    /usr/lib/x86_64-linux-gnu/libasound.so.2.0.0
7f518c2e5000-7f518c2e7000 rw-p 000f2000 08:01 5775672                    /usr/lib/x86_64-linux-gnu/libasound.so.2.0.0
7f518c302000-7f518c311000 r-xp 00000000 08:01 5783099                    /usr/lib/jvm/java-7-oracle/jre/lib/amd64/libjsoundalsa.so
7f518c311000-7f518c510000 ---p 0000f000 08:01 5783099                    /usr/lib/jvm/java-7-oracle/jre/lib/amd64/libjsoundalsa.so
7f518c510000-7f518c511000 rw-p 0000e000 08:01 5783099                    /usr/lib/jvm/java-7-oracle/jre/lib/amd64/libjsoundalsa.so
7f518c511000-7f518c512000 r-xp 00000000 08:01 5783119                    /usr/lib/jvm/java-7-oracle/jre/lib/amd64/libjsound.so
7f518c512000-7f518c711000 ---p 00001000 08:01 5783119                    /usr/lib/jvm/java-7-oracle/jre/lib/amd64/libjsound.so
7f518c711000-7f518c712000 rw-p 00000000 08:01 5783119                    /usr/lib/jvm/java-7-oracle/jre/lib/amd64/libjsound.so
7f518c712000-7f518c715000 ---p 00000000 00:00 0 
7f518c715000-7f518c813000 rw-p 00000000 00:00 0 
7f518c813000-7f518c823000 r-xp 00000000 08:01 5783129                    /usr/lib/jvm/java-7-oracle/jre/lib/amd64/libnio.so
7f518c823000-7f518ca23000 ---p 00010000 08:01 5783129                    /usr/lib/jvm/java-7-oracle/jre/lib/amd64/libnio.so
7f518ca23000-7f518ca24000 rw-p 00010000 08:01 5783129                    /usr/lib/jvm/java-7-oracle/jre/lib/amd64/libnio.so
7f518ca24000-7f518ca3a000 r-xp 00000000 08:01 5783136                    /usr/lib/jvm/java-7-oracle/jre/lib/amd64/libnet.so
7f518ca3a000-7f518cc3a000 ---p 00016000 08:01 5783136                    /usr/lib/jvm/java-7-oracle/jre/lib/amd64/libnet.so
7f518cc3a000-7f518cc3b000 rw-p 00016000 08:01 5783136                    /usr/lib/jvm/java-7-oracle/jre/lib/amd64/libnet.so
7f518cc3b000-7f518cc3c000 r--p 00000000 00:00 0 
7f518cc3c000-7f518cc4b000 r--p 00000000 08:01 5918211                    /usr/share/fonts/truetype/ttf-bitstream-vera/VeraBd.ttf
7f518cc4b000-7f518cc4c000 ---p 00000000 00:00 0 
7f518cc4c000-7f518d44c000 rw-p 00000000 00:00 0 
7f518d44c000-7f518d44d000 ---p 00000000 00:00 0 
7f518d44d000-7f518dc4d000 rw-p 00000000 00:00 0 
7f518dc4d000-7f518dc4e000 ---p 00000000 00:00 0 
7f518dc4e000-7f518e44e000 rw-p 00000000 00:00 0 
7f518e44e000-7f518fc2d000 r--p 00000000 08:01 6031073                    /usr/share/icons/hicolor/icon-theme.cache
7f518fc2d000-7f5193e92000 r--p 00000000 08:01 6033999                    /usr/share/icons/gnome/icon-theme.cache
7f5193e92000-7f5193f77000 r--p 00000000 08:01 6430109                    /usr/share/icons/HighContrastInverse/icon-theme.cache
7f5193f77000-7f5193f87000 r-xp 00000000 08:01 5905511                    /usr/lib/x86_64-linux-gnu/gio/modules/libgioremote-volume-monitor.so
7f5193f87000-7f5194187000 ---p 00010000 08:01 5905511                    /usr/lib/x86_64-linux-gnu/gio/modules/libgioremote-volume-monitor.so
7f5194187000-7f5194188000 r--p 00010000 08:01 5905511                    /usr/lib/x86_64-linux-gnu/gio/modules/libgioremote-volume-monitor.so
7f5194188000-7f5194189000 rw-p 00011000 08:01 5905511                    /usr/lib/x86_64-linux-gnu/gio/modules/libgioremote-volume-monitor.so
7f5194189000-7f51941b7000 r-xp 00000000 08:01 5779765                    /usr/lib/x86_64-linux-gnu/libbluray.so.1.1.0
7f51941b7000-7f51943b7000 ---p 0002e000 08:01 5779765                    /usr/lib/x86_64-linux-gnu/libbluray.so.1.1.0
7f51943b7000-7f51943b8000 r--p 0002e000 08:01 5779765                    /usr/lib/x86_64-linux-gnu/libbluray.so.1.1.0
7f51943b8000-7f51943b9000 rw-p 0002f000 08:01 5779765                    /usr/lib/x86_64-linux-gnu/libbluray.so.1.1.0
7f51943b9000-7f51943bb000 r-xp 00000000 08:01 4980756                    /lib/x86_64-linux-gnu/libutil-2.13.so
7f51943bb000-7f51945ba000 ---p 00002000 08:01 4980756                    /lib/x86_64-linux-gnu/libutil-2.13.so
7f51945ba000-7f51945bb000 r--p 00001000 08:01 4980756                    /lib/x86_64-linux-gnu/libutil-2.13.so
7f51945bb000-7f51945bc000 rw-p 00002000 08:01 4980756                    /lib/x86_64-linux-gnu/libutil-2.13.so
7f51945bc000-7f51945c9000 r-xp 00000000 08:01 4981064                    /lib/x86_64-linux-gnu/libudev.so.0.13.0
7f51945c9000-7f51947c9000 ---p 0000d000 08:01 4981064                    /lib/x86_64-linux-gnu/libudev.so.0.13.0
7f51947c9000-7f51947ca000 r--p 0000d000 08:01 4981064                    /lib/x86_64-linux-gnu/libudev.so.0.13.0
7f51947ca000-7f51947cb000 rw-p 0000e000 08:01 4981064                    /lib/x86_64-linux-gnu/libudev.so.0.13.0
7f51947cb000-7f519480f000 r-xp 00000000 08:01 4981211                    /lib/x86_64-linux-gnu/libdbus-1.so.3.7.2
7f519480f000-7f5194a0f000 ---p 00044000 08:01 4981211                    /lib/x86_64-linux-gnu/libdbus-1.so.3.7.2
7f5194a0f000-7f5194a10000 r--p 00044000 08:01 4981211                    /lib/x86_64-linux-gnu/libdbus-1.so.3.7.2
7f5194a10000-7f5194a11000 rw-p 00045000 08:01 4981211                    /lib/x86_64-linux-gnu/libdbus-1.so.3.7.2
7f5194a12000-7f5194a1c000 r--p 00000000 08:01 5784910                    /usr/share/locale/fr/LC_MESSAGES/pulseaudio.mo
7f5194a1c000-7f5194a26000 r--s 00250000 08:01 5805848                    /usr/lib/jvm/java-7-oracle/jre/lib/resources.jar
7f5194a26000-7f5194a29000 r--s 00017000 08:01 4325712                    /home/freeman/git/Mp3Renamer/ressources/lib/jl1.0.1.jar
7f5194a29000-7f5194a2c000 r--p 00000000 08:01 5774991                    /usr/share/locale/fr/LC_MESSAGES/atk10.mo
7f5194a2c000-7f5194a44000 r-xp 00000000 08:01 6173250                    /usr/lib/x86_64-linux-gnu/gvfs/libgvfscommon.so
7f5194a44000-7f5194c43000 ---p 00018000 08:01 6173250                    /usr/lib/x86_64-linux-gnu/gvfs/libgvfscommon.so
7f5194c43000-7f5194c44000 r--p 00017000 08:01 6173250                    /usr/lib/x86_64-linux-gnu/gvfs/libgvfscommon.so
7f5194c44000-7f5194c45000 rw-p 00018000 08:01 6173250                    /usr/lib/x86_64-linux-gnu/gvfs/libgvfscommon.so
7f5194c45000-7f5194c6e000 r-xp 00000000 08:01 5905510                    /usr/lib/x86_64-linux-gnu/gio/modules/libgvfsdbus.so
7f5194c6e000-7f5194e6e000 ---p 00029000 08:01 5905510                    /usr/lib/x86_64-linux-gnu/gio/modules/libgvfsdbus.so
7f5194e6e000-7f5194e6f000 r--p 00029000 08:01 5905510                    /usr/lib/x86_64-linux-gnu/gio/modules/libgvfsdbus.so
7f5194e6f000-7f5194e70000 rw-p 0002a000 08:01 5905510                    /usr/lib/x86_64-linux-gnu/gio/modules/libgvfsdbus.so
7f5194e70000-7f5194ed0000 rw-s 00000000 00:04 803602468                  /SYSV00000000 (deleted)
7f5194ed0000-7f5194edb000 r-xp 00000000 08:01 3815346                    /home/freeman/.swt/lib/linux/x86_64/libswt-atk-gtk-4332.so
7f5194edb000-7f51950db000 ---p 0000b000 08:01 3815346                    /home/freeman/.swt/lib/linux/x86_64/libswt-atk-gtk-4332.so
7f51950db000-7f51950dc000 rw-p 0000b000 08:01 3815346                    /home/freeman/.swt/lib/linux/x86_64/libswt-atk-gtk-4332.so
7f51950dc000-7f51950dd000 r-xp 00000000 08:01 5776569                    /usr/lib/x86_64-linux-gnu/gtk-2.0/2.10.0/immodules/im-cedilla.so
7f51950dd000-7f51952dd000 ---p 00001000 08:01 5776569                    /usr/lib/x86_64-linux-gnu/gtk-2.0/2.10.0/immodules/im-cedilla.so
7f51952dd000-7f51952de000 rw-p 00001000 08:01 5776569                    /usr/lib/x86_64-linux-gnu/gtk-2.0/2.10.0/immodules/im-cedilla.so
7f51952de000-7f519533e000 rw-s 00000000 00:04 803569697                  /SYSV00000000 (deleted)
7f519533e000-7f5195344000 r--p 00000000 08:01 5774871                    /usr/share/locale/fr/LC_MESSAGES/gdk-pixbuf.mo
7f5195344000-7f5195349000 r-xp 00000000 08:01 6031363                    /usr/lib/x86_64-linux-gnu/gdk-pixbuf-2.0/2.10.0/loaders/libpixbufloader-png.so
7f5195349000-7f5195548000 ---p 00005000 08:01 6031363                    /usr/lib/x86_64-linux-gnu/gdk-pixbuf-2.0/2.10.0/loaders/libpixbufloader-png.so
7f5195548000-7f5195549000 r--p 00004000 08:01 6031363                    /usr/lib/x86_64-linux-gnu/gdk-pixbuf-2.0/2.10.0/loaders/libpixbufloader-png.so
7f5195549000-7f519554a000 rw-p 00005000 08:01 6031363                    /usr/lib/x86_64-linux-gnu/gdk-pixbuf-2.0/2.10.0/loaders/libpixbufloader-png.so
7f519554a000-7f5195569000 r--s 00000000 08:01 6029726                    /usr/share/mime/mime.cache
7f5195569000-7f5195576000 r-xp 00000000 08:01 3815305                    /home/freeman/.swt/lib/linux/x86_64/libswt-cairo-gtk-4332.so
7f5195576000-7f5195775000 ---p 0000d000 08:01 3815305                    /home/freeman/.swt/lib/linux/x86_64/libswt-cairo-gtk-4332.so
7f5195775000-7f5195776000 rw-p 0000c000 08:01 3815305                    /home/freeman/.swt/lib/linux/x86_64/libswt-cairo-gtk-4332.so
7f5195776000-7f5195783000 r--p 00000000 08:01 5918212                    /usr/share/fonts/truetype/ttf-bitstream-vera/VeraMono.ttf
7f5195783000-7f5195794000 r--p 00000000 08:01 5918214                    /usr/share/fonts/truetype/ttf-bitstream-vera/Vera.ttf
7f5195794000-7f5195796000 r-xp 00000000 08:01 6031420                    /usr/lib/x86_64-linux-gnu/pango/1.6.0/modules/pango-basic-fc.so
7f5195796000-7f5195995000 ---p 00002000 08:01 6031420                    /usr/lib/x86_64-linux-gnu/pango/1.6.0/modules/pango-basic-fc.so
7f5195995000-7f5195996000 r--p 00001000 08:01 6031420                    /usr/lib/x86_64-linux-gnu/pango/1.6.0/modules/pango-basic-fc.so
7f5195996000-7f5195997000 rw-p 00002000 08:01 6031420                    /usr/lib/x86_64-linux-gnu/pango/1.6.0/modules/pango-basic-fc.so
7f5195997000-7f51959a0000 r--s 00000000 08:01 2233150                    /var/cache/fontconfig/945677eb7aeaf62f1d50efc3fb3ec7d8-le64.cache-3
7f51959a0000-7f51959a5000 r--s 00000000 08:01 2233148                    /var/cache/fontconfig/6eb3985aa4124903f6ff08ba781cd364-le64.cache-3
7f51959a5000-7f51959ae000 r--s 00000000 08:01 2233147                    /var/cache/fontconfig/6d41288fd70b0be22e8c3a91e032eec0-le64.cache-3
7f51959ae000-7f51959b1000 r--s 00000000 08:01 2233145                    /var/cache/fontconfig/c57959a16110560c8d0fcea73374aeeb-le64.cache-3
7f51959b1000-7f51959b6000 r--s 00000000 08:01 2233144                    /var/cache/fontconfig/3047814df9a2f067bd2d96a2b9c36e5a-le64.cache-3
7f51959b6000-7f51959b9000 r--s 00000000 08:01 2233143                    /var/cache/fontconfig/e49e89034d371f0f9de17aab02136486-le64.cache-3
7f51959b9000-7f51959bb000 r--s 00000000 08:01 2233142                    /var/cache/fontconfig/4b14b093aebc79c320de5e86ae1d3314-le64.cache-3
7f51959bb000-7f51959cc000 r--s 00000000 08:01 2233463                    /var/cache/fontconfig/d52a8644073d54c13679302ca1180695-le64.cache-3
7f51959cc000-7f51959d3000 r--s 00000000 08:01 2233141                    /var/cache/fontconfig/3f7329c5293ffd510edef78f73874cfd-le64.cache-3
7f51959d3000-7f51959ed000 r--s 00000000 08:01 2231115                    /var/cache/fontconfig/e13b20fdb08344e0e664864cc2ede53d-le64.cache-3
7f51959ed000-7f51959f6000 r-xp 00000000 08:01 6563166                    /usr/lib/gtk-2.0/2.10.0/engines/libxfce.so
7f51959f6000-7f5195bf6000 ---p 00009000 08:01 6563166                    /usr/lib/gtk-2.0/2.10.0/engines/libxfce.so
7f5195bf6000-7f5195bf7000 r--p 00009000 08:01 6563166                    /usr/lib/gtk-2.0/2.10.0/engines/libxfce.so
7f5195bf7000-7f5195bf8000 rw-p 0000a000 08:01 6563166                    /usr/lib/gtk-2.0/2.10.0/engines/libxfce.so
7f5195bf8000-7f5195c22000 r--p 00000000 08:01 5776427                    /usr/share/locale/fr/LC_MESSAGES/gtk20-properties.mo
7f5195c22000-7f5195c45000 r--p 00000000 08:01 5773722                    /usr/share/locale/fr/LC_MESSAGES/libc.mo
7f5195c45000-7f5195c4a000 r-xp 00000000 08:01 5774330                    /usr/lib/x86_64-linux-gnu/libXdmcp.so.6.0.0
7f5195c4a000-7f5195e49000 ---p 00005000 08:01 5774330                    /usr/lib/x86_64-linux-gnu/libXdmcp.so.6.0.0
7f5195e49000-7f5195e4a000 rw-p 00004000 08:01 5774330                    /usr/lib/x86_64-linux-gnu/libXdmcp.so.6.0.0
7f5195e4a000-7f5195e4c000 r-xp 00000000 08:01 5774328                    /usr/lib/x86_64-linux-gnu/libXau.so.6.0.0
7f5195e4c000-7f519604c000 ---p 00002000 08:01 5774328                    /usr/lib/x86_64-linux-gnu/libXau.so.6.0.0
7f519604c000-7f519604d000 rw-p 00002000 08:01 5774328                    /usr/lib/x86_64-linux-gnu/libXau.so.6.0.0
7f519604d000-7f5196089000 r-xp 00000000 08:01 4984176                    /lib/x86_64-linux-gnu/libpcre.so.3.13.1
7f5196089000-7f5196289000 ---p 0003c000 08:01 4984176                    /lib/x86_64-linux-gnu/libpcre.so.3.13.1
7f5196289000-7f519628a000 rw-p 0003c000 08:01 4984176                    /lib/x86_64-linux-gnu/libpcre.so.3.13.1
7f519628a000-7f5196296000 r-xp 00000000 08:01 5774116                    /usr/lib/x86_64-linux-gnu/libffi.so.5.0.10
7f5196296000-7f5196496000 ---p 0000c000 08:01 5774116                    /usr/lib/x86_64-linux-gnu/libffi.so.5.0.10
7f5196496000-7f5196497000 rw-p 0000c000 08:01 5774116                    /usr/lib/x86_64-linux-gnu/libffi.so.5.0.10
7f5196497000-7f51964be000 r-xp 00000000 08:01 4984142                    /lib/x86_64-linux-gnu/libexpat.so.1.6.0
7f51964be000-7f51966be000 ---p 00027000 08:01 4984142                    /lib/x86_64-linux-gnu/libexpat.so.1.6.0
7f51966be000-7f51966c0000 r--p 00027000 08:01 4984142                    /lib/x86_64-linux-gnu/libexpat.so.1.6.0
7f51966c0000-7f51966c1000 rw-p 00029000 08:01 4984142                    /lib/x86_64-linux-gnu/libexpat.so.1.6.0
7f51966c1000-7f51966d4000 r-xp 00000000 08:01 4980771                    /lib/x86_64-linux-gnu/libresolv-2.13.so
7f51966d4000-7f51968d3000 ---p 00013000 08:01 4980771                    /lib/x86_64-linux-gnu/libresolv-2.13.so
7f51968d3000-7f51968d4000 r--p 00012000 08:01 4980771                    /lib/x86_64-linux-gnu/libresolv-2.13.so
7f51968d4000-7f51968d5000 rw-p 00013000 08:01 4980771                    /lib/x86_64-linux-gnu/libresolv-2.13.so
7f51968d5000-7f51968d7000 rw-p 00000000 00:00 0 
7f51968d7000-7f51968f5000 r-xp 00000000 08:01 4980780                    /lib/x86_64-linux-gnu/libselinux.so.1
7f51968f5000-7f5196af4000 ---p 0001e000 08:01 4980780                    /lib/x86_64-linux-gnu/libselinux.so.1
7f5196af4000-7f5196af5000 r--p 0001d000 08:01 4980780                    /lib/x86_64-linux-gnu/libselinux.so.1
7f5196af5000-7f5196af6000 rw-p 0001e000 08:01 4980780                    /lib/x86_64-linux-gnu/libselinux.so.1
7f5196af6000-7f5196af7000 rw-p 00000000 00:00 0 
7f5196af7000-7f5196b0d000 r-xp 00000000 08:01 4982219                    /lib/x86_64-linux-gnu/libz.so.1.2.7
7f5196b0d000-7f5196d0c000 ---p 00016000 08:01 4982219                    /lib/x86_64-linux-gnu/libz.so.1.2.7
7f5196d0c000-7f5196d0d000 r--p 00015000 08:01 4982219                    /lib/x86_64-linux-gnu/libz.so.1.2.7
7f5196d0d000-7f5196d0e000 rw-p 00016000 08:01 4982219                    /lib/x86_64-linux-gnu/libz.so.1.2.7
7f5196d0e000-7f5196d16000 r-xp 00000000 08:01 5778059                    /usr/lib/x86_64-linux-gnu/libxcb-render.so.0.0.0
7f5196d16000-7f5196f16000 ---p 00008000 08:01 5778059                    /usr/lib/x86_64-linux-gnu/libxcb-render.so.0.0.0
7f5196f16000-7f5196f17000 r--p 00008000 08:01 5778059                    /usr/lib/x86_64-linux-gnu/libxcb-render.so.0.0.0
7f5196f17000-7f5196f18000 rw-p 00009000 08:01 5778059                    /usr/lib/x86_64-linux-gnu/libxcb-render.so.0.0.0
7f5196f18000-7f5196f1a000 r-xp 00000000 08:01 5778062                    /usr/lib/x86_64-linux-gnu/libxcb-shm.so.0.0.0
7f5196f1a000-7f5197119000 ---p 00002000 08:01 5778062                    /usr/lib/x86_64-linux-gnu/libxcb-shm.so.0.0.0
7f5197119000-7f519711a000 r--p 00001000 08:01 5778062                    /usr/lib/x86_64-linux-gnu/libxcb-shm.so.0.0.0
7f519711a000-7f519711b000 rw-p 00002000 08:01 5778062                    /usr/lib/x86_64-linux-gnu/libxcb-shm.so.0.0.0
7f519711b000-7f5197141000 r-xp 00000000 08:01 4984184                    /lib/x86_64-linux-gnu/libpng12.so.0.49.0
7f5197141000-7f5197340000 ---p 00026000 08:01 4984184                    /lib/x86_64-linux-gnu/libpng12.so.0.49.0
7f5197340000-7f5197341000 r--p 00025000 08:01 4984184                    /lib/x86_64-linux-gnu/libpng12.so.0.49.0
7f5197341000-7f5197342000 rw-p 00026000 08:01 4984184                    /lib/x86_64-linux-gnu/libpng12.so.0.49.0
7f5197342000-7f51973c2000 r-xp 00000000 08:01 5774491                    /usr/lib/x86_64-linux-gnu/libpixman-1.so.0.26.0
7f51973c2000-7f51975c2000 ---p 00080000 08:01 5774491                    /usr/lib/x86_64-linux-gnu/libpixman-1.so.0.26.0
7f51975c2000-7f51975c8000 rw-p 00080000 08:01 5774491                    /usr/lib/x86_64-linux-gnu/libpixman-1.so.0.26.0
7f51975c8000-7f51975e7000 r-xp 00000000 08:01 5774334                    /usr/lib/x86_64-linux-gnu/libxcb.so.1.1.0
7f51975e7000-7f51977e6000 ---p 0001f000 08:01 5774334                    /usr/lib/x86_64-linux-gnu/libxcb.so.1.1.0
7f51977e6000-7f51977e7000 r--p 0001e000 08:01 5774334                    /usr/lib/x86_64-linux-gnu/libxcb.so.1.1.0
7f51977e7000-7f51977e8000 rw-p 0001f000 08:01 5774334                    /usr/lib/x86_64-linux-gnu/libxcb.so.1.1.0
7f51977e8000-7f51977eb000 r-xp 00000000 08:01 5774120                    /usr/lib/x86_64-linux-gnu/libgmodule-2.0.so.0.3200.4
7f51977eb000-7f51979ea000 ---p 00003000 08:01 5774120                    /usr/lib/x86_64-linux-gnu/libgmodule-2.0.so.0.3200.4
7f51979ea000-7f51979eb000 r--p 00002000 08:01 5774120                    /usr/lib/x86_64-linux-gnu/libgmodule-2.0.so.0.3200.4
7f51979eb000-7f51979ec000 rw-p 00003000 08:01 5774120                    /usr/lib/x86_64-linux-gnu/libgmodule-2.0.so.0.3200.4
7f51979ec000-7f51979f6000 r-xp 00000000 08:01 5774498                    /usr/lib/x86_64-linux-gnu/libXcursor.so.1.0.2
7f51979f6000-7f5197bf5000 ---p 0000a000 08:01 5774498                    /usr/lib/x86_64-linux-gnu/libXcursor.so.1.0.2
7f5197bf5000-7f5197bf6000 rw-p 00009000 08:01 5774498                    /usr/lib/x86_64-linux-gnu/libXcursor.so.1.0.2
7f5197bf6000-7f5197bfd000 r-xp 00000000 08:01 5775260                    /usr/lib/x86_64-linux-gnu/libXrandr.so.2.2.0
7f5197bfd000-7f5197dfd000 ---p 00007000 08:01 5775260                    /usr/lib/x86_64-linux-gnu/libXrandr.so.2.2.0
7f5197dfd000-7f5197dfe000 rw-p 00007000 08:01 5775260                    /usr/lib/x86_64-linux-gnu/libXrandr.so.2.2.0
7f5197dfe000-7f5197e00000 r-xp 00000000 08:01 5775258                    /usr/lib/x86_64-linux-gnu/libXinerama.so.1.0.0
7f5197e00000-7f5197fff000 ---p 00002000 08:01 5775258                    /usr/lib/x86_64-linux-gnu/libXinerama.so.1.0.0
7f5197fff000-7f5198000000 rw-p 00001000 08:01 5775258                    /usr/lib/x86_64-linux-gnu/libXinerama.so.1.0.0
7f5198000000-7f5199125000 rw-p 00000000 00:00 0 
7f5199125000-7f519c000000 ---p 00000000 00:00 0 
7f519c002000-7f519c005000 r--s 00000000 08:01 2229006                    /var/cache/fontconfig/de156ccd2eddbdc19d37a45b8b2aac9c-le64.cache-3
7f519c005000-7f519c00f000 r--s 00000000 08:01 2233139                    /var/cache/fontconfig/83bf95040141907cd45bb53cf7c1c148-le64.cache-3
7f519c00f000-7f519c018000 r-xp 00000000 08:01 5778067                    /usr/lib/x86_64-linux-gnu/libXrender.so.1.3.0
7f519c018000-7f519c217000 ---p 00009000 08:01 5778067                    /usr/lib/x86_64-linux-gnu/libXrender.so.1.3.0
7f519c217000-7f519c218000 rw-p 00008000 08:01 5778067                    /usr/lib/x86_64-linux-gnu/libXrender.so.1.3.0
7f519c218000-7f519c226000 r-xp 00000000 08:01 5775256                    /usr/lib/x86_64-linux-gnu/libXi.so.6.1.0
7f519c226000-7f519c426000 ---p 0000e000 08:01 5775256                    /usr/lib/x86_64-linux-gnu/libXi.so.6.1.0
7f519c426000-7f519c427000 rw-p 0000e000 08:01 5775256                    /usr/lib/x86_64-linux-gnu/libXi.so.6.1.0
7f519c427000-7f519c438000 r-xp 00000000 08:01 5775107                    /usr/lib/x86_64-linux-gnu/libXext.so.6.4.0
7f519c438000-7f519c638000 ---p 00011000 08:01 5775107                    /usr/lib/x86_64-linux-gnu/libXext.so.6.4.0
7f519c638000-7f519c639000 rw-p 00011000 08:01 5775107                    /usr/lib/x86_64-linux-gnu/libXext.so.6.4.0
7f519c639000-7f519c72e000 r-xp 00000000 08:01 4984182                    /lib/x86_64-linux-gnu/libglib-2.0.so.0.3200.4
7f519c72e000-7f519c92e000 ---p 000f5000 08:01 4984182                    /lib/x86_64-linux-gnu/libglib-2.0.so.0.3200.4
7f519c92e000-7f519c92f000 r--p 000f5000 08:01 4984182                    /lib/x86_64-linux-gnu/libglib-2.0.so.0.3200.4
7f519c92f000-7f519c930000 rw-p 000f6000 08:01 4984182                    /lib/x86_64-linux-gnu/libglib-2.0.so.0.3200.4
7f519c930000-7f519c931000 rw-p 00000000 00:00 0 
7f519c931000-7f519c97f000 r-xp 00000000 08:01 5774118                    /usr/lib/x86_64-linux-gnu/libgobject-2.0.so.0.3200.4
7f519c97f000-7f519cb7f000 ---p 0004e000 08:01 5774118                    /usr/lib/x86_64-linux-gnu/libgobject-2.0.so.0.3200.4
7f519cb7f000-7f519cb80000 r--p 0004e000 08:01 5774118                    /usr/lib/x86_64-linux-gnu/libgobject-2.0.so.0.3200.4
7f519cb80000-7f519cb81000 rw-p 0004f000 08:01 5774118                    /usr/lib/x86_64-linux-gnu/libgobject-2.0.so.0.3200.4
7f519cb81000-7f519cbb6000 r-xp 00000000 08:01 5774323                    /usr/lib/x86_64-linux-gnu/libfontconfig.so.1.5.0
7f519cbb6000-7f519cdb6000 ---p 00035000 08:01 5774323                    /usr/lib/x86_64-linux-gnu/libfontconfig.so.1.5.0
7f519cdb6000-7f519cdb7000 r--p 00035000 08:01 5774323                    /usr/lib/x86_64-linux-gnu/libfontconfig.so.1.5.0
7f519cdb7000-7f519cdb8000 rw-p 00036000 08:01 5774323                    /usr/lib/x86_64-linux-gnu/libfontconfig.so.1.5.0
7f519cdb8000-7f519ce51000 r-xp 00000000 08:01 5774310                    /usr/lib/x86_64-linux-gnu/libfreetype.so.6.8.1
7f519ce51000-7f519d050000 ---p 00099000 08:01 5774310                    /usr/lib/x86_64-linux-gnu/libfreetype.so.6.8.1
7f519d050000-7f519d056000 r--p 00098000 08:01 5774310                    /usr/lib/x86_64-linux-gnu/libfreetype.so.6.8.1
7f519d056000-7f519d057000 rw-p 0009e000 08:01 5774310                    /usr/lib/x86_64-linux-gnu/libfreetype.so.6.8.1
7f519d057000-7f519d0a1000 r-xp 00000000 08:01 5774909                    /usr/lib/x86_64-linux-gnu/libpango-1.0.so.0.3000.0
7f519d0a1000-7f519d2a1000 ---p 0004a000 08:01 5774909                    /usr/lib/x86_64-linux-gnu/libpango-1.0.so.0.3000.0
7f519d2a1000-7f519d2a3000 r--p 0004a000 08:01 5774909                    /usr/lib/x86_64-linux-gnu/libpango-1.0.so.0.3000.0
7f519d2a3000-7f519d2a4000 rw-p 0004c000 08:01 5774909                    /usr/lib/x86_64-linux-gnu/libpango-1.0.so.0.3000.0
7f519d2a4000-7f519d2ce000 r-xp 00000000 08:01 5774914                    /usr/lib/x86_64-linux-gnu/libpangoft2-1.0.so.0.3000.0
7f519d2ce000-7f519d4cd000 ---p 0002a000 08:01 5774914                    /usr/lib/x86_64-linux-gnu/libpangoft2-1.0.so.0.3000.0
7f519d4cd000-7f519d4ce000 r--p 00029000 08:01 5774914                    /usr/lib/x86_64-linux-gnu/libpangoft2-1.0.so.0.3000.0
7f519d4ce000-7f519d4cf000 rw-p 0002a000 08:01 5774914                    /usr/lib/x86_64-linux-gnu/libpangoft2-1.0.so.0.3000.0
7f519d4cf000-7f519d61b000 r-xp 00000000 08:01 5774121                    /usr/lib/x86_64-linux-gnu/libgio-2.0.so.0.3200.4
7f519d61b000-7f519d81a000 ---p 0014c000 08:01 5774121                    /usr/lib/x86_64-linux-gnu/libgio-2.0.so.0.3200.4
7f519d81a000-7f519d81e000 r--p 0014b000 08:01 5774121                    /usr/lib/x86_64-linux-gnu/libgio-2.0.so.0.3200.4
7f519d81e000-7f519d820000 rw-p 0014f000 08:01 5774121                    /usr/lib/x86_64-linux-gnu/libgio-2.0.so.0.3200.4
7f519d820000-7f519d822000 rw-p 00000000 00:00 0 
7f519d822000-7f519d841000 r-xp 00000000 08:01 5774882                    /usr/lib/x86_64-linux-gnu/libgdk_pixbuf-2.0.so.0.2600.1
7f519d841000-7f519da40000 ---p 0001f000 08:01 5774882                    /usr/lib/x86_64-linux-gnu/libgdk_pixbuf-2.0.so.0.2600.1
7f519da40000-7f519da41000 r--p 0001e000 08:01 5774882                    /usr/lib/x86_64-linux-gnu/libgdk_pixbuf-2.0.so.0.2600.1
7f519da41000-7f519da42000 rw-p 0001f000 08:01 5774882                    /usr/lib/x86_64-linux-gnu/libgdk_pixbuf-2.0.so.0.2600.1
7f519da42000-7f519db36000 r-xp 00000000 08:01 5774499                    /usr/lib/x86_64-linux-gnu/libcairo.so.2.11200.2
7f519db36000-7f519dd35000 ---p 000f4000 08:01 5774499                    /usr/lib/x86_64-linux-gnu/libcairo.so.2.11200.2
7f519dd35000-7f519dd38000 r--p 000f3000 08:01 5774499                    /usr/lib/x86_64-linux-gnu/libcairo.so.2.11200.2
7f519dd38000-7f519dd39000 rw-p 000f6000 08:01 5774499                    /usr/lib/x86_64-linux-gnu/libcairo.so.2.11200.2
7f519dd39000-7f519dd3b000 rw-p 00000000 00:00 0 
7f519dd3b000-7f519dd5c000 r-xp 00000000 08:01 5775059                    /usr/lib/x86_64-linux-gnu/libatk-1.0.so.0.20409.1
7f519dd5c000-7f519df5b000 ---p 00021000 08:01 5775059                    /usr/lib/x86_64-linux-gnu/libatk-1.0.so.0.20409.1
7f519df5b000-7f519df5d000 r--p 00020000 08:01 5775059                    /usr/lib/x86_64-linux-gnu/libatk-1.0.so.0.20409.1
7f519df5d000-7f519df5e000 rw-p 00022000 08:01 5775059                    /usr/lib/x86_64-linux-gnu/libatk-1.0.so.0.20409.1
7f519df5e000-7f519df63000 r-xp 00000000 08:01 5775098                    /usr/lib/x86_64-linux-gnu/libXfixes.so.3.1.0
7f519df63000-7f519e162000 ---p 00005000 08:01 5775098                    /usr/lib/x86_64-linux-gnu/libXfixes.so.3.1.0
7f519e162000-7f519e163000 r--p 00004000 08:01 5775098                    /usr/lib/x86_64-linux-gnu/libXfixes.so.3.1.0
7f519e163000-7f519e164000 rw-p 00005000 08:01 5775098                    /usr/lib/x86_64-linux-gnu/libXfixes.so.3.1.0
7f519e164000-7f519e166000 r-xp 00000000 08:01 5775095                    /usr/lib/x86_64-linux-gnu/libXdamage.so.1.1.0
7f519e166000-7f519e365000 ---p 00002000 08:01 5775095                    /usr/lib/x86_64-linux-gnu/libXdamage.so.1.1.0
7f519e365000-7f519e366000 rw-p 00001000 08:01 5775095                    /usr/lib/x86_64-linux-gnu/libXdamage.so.1.1.0
7f519e366000-7f519e368000 r-xp 00000000 08:01 5775091                    /usr/lib/x86_64-linux-gnu/libXcomposite.so.1.0.0
7f519e368000-7f519e567000 ---p 00002000 08:01 5775091                    /usr/lib/x86_64-linux-gnu/libXcomposite.so.1.0.0
7f519e567000-7f519e568000 rw-p 00001000 08:01 5775091                    /usr/lib/x86_64-linux-gnu/libXcomposite.so.1.0.0
7f519e568000-7f519e69d000 r-xp 00000000 08:01 5778035                    /usr/lib/x86_64-linux-gnu/libX11.so.6.3.0
7f519e69d000-7f519e89d000 ---p 00135000 08:01 5778035                    /usr/lib/x86_64-linux-gnu/libX11.so.6.3.0
7f519e89d000-7f519e8a3000 rw-p 00135000 08:01 5778035                    /usr/lib/x86_64-linux-gnu/libX11.so.6.3.0
7f519e8a3000-7f519e8af000 r-xp 00000000 08:01 5774911                    /usr/lib/x86_64-linux-gnu/libpangocairo-1.0.so.0.3000.0
7f519e8af000-7f519eaae000 ---p 0000c000 08:01 5774911                    /usr/lib/x86_64-linux-gnu/libpangocairo-1.0.so.0.3000.0
7f519eaae000-7f519eaaf000 r--p 0000b000 08:01 5774911                    /usr/lib/x86_64-linux-gnu/libpangocairo-1.0.so.0.3000.0
7f519eaaf000-7f519eab0000 rw-p 0000c000 08:01 5774911                    /usr/lib/x86_64-linux-gnu/libpangocairo-1.0.so.0.3000.0
7f519eab0000-7f519eb5f000 r-xp 00000000 08:01 5776578                    /usr/lib/x86_64-linux-gnu/libgdk-x11-2.0.so.0.2400.10
7f519eb5f000-7f519ed5e000 ---p 000af000 08:01 5776578                    /usr/lib/x86_64-linux-gnu/libgdk-x11-2.0.so.0.2400.10
7f519ed5e000-7f519ed63000 rw-p 000ae000 08:01 5776578                    /usr/lib/x86_64-linux-gnu/libgdk-x11-2.0.so.0.2400.10
7f519ed63000-7f519ed68000 r-xp 00000000 08:01 5776226                    /usr/lib/x86_64-linux-gnu/libXtst.so.6.1.0
7f519ed68000-7f519ef67000 ---p 00005000 08:01 5776226                    /usr/lib/x86_64-linux-gnu/libXtst.so.6.1.0
7f519ef67000-7f519ef68000 rw-p 00004000 08:01 5776226                    /usr/lib/x86_64-linux-gnu/libXtst.so.6.1.0
7f519ef68000-7f519ef69000 r-xp 00000000 08:01 5774119                    /usr/lib/x86_64-linux-gnu/libgthread-2.0.so.0.3200.4
7f519ef69000-7f519f168000 ---p 00001000 08:01 5774119                    /usr/lib/x86_64-linux-gnu/libgthread-2.0.so.0.3200.4
7f519f168000-7f519f169000 r--p 00000000 08:01 5774119                    /usr/lib/x86_64-linux-gnu/libgthread-2.0.so.0.3200.4
7f519f169000-7f519f16a000 rw-p 00001000 08:01 5774119                    /usr/lib/x86_64-linux-gnu/libgthread-2.0.so.0.3200.4
7f519f16a000-7f519f59c000 r-xp 00000000 08:01 5776558                    /usr/lib/x86_64-linux-gnu/libgtk-x11-2.0.so.0.2400.10
7f519f59c000-7f519f79c000 ---p 00432000 08:01 5776558                    /usr/lib/x86_64-linux-gnu/libgtk-x11-2.0.so.0.2400.10
7f519f79c000-7f519f7a7000 rw-p 00432000 08:01 5776558                    /usr/lib/x86_64-linux-gnu/libgtk-x11-2.0.so.0.2400.10
7f519f7a7000-7f519f7a9000 rw-p 00000000 00:00 0 
7f519f7a9000-7f519f7aa000 r--s 00000000 08:01 3831803                    /home/freeman/.local/share/mime/mime.cache
7f519f7aa000-7f519f7ab000 rw-p 00000000 00:00 0 
7f519f7ab000-7f519f7c4000 r--p 00000000 08:01 5779339                    /usr/share/locale/fr/LC_MESSAGES/glib20.mo
7f519f7c4000-7f519f836000 r-xp 00000000 08:01 3815276                    /home/freeman/.swt/lib/linux/x86_64/libswt-pi-gtk-4332.so
7f519f836000-7f519fa36000 ---p 00072000 08:01 3815276                    /home/freeman/.swt/lib/linux/x86_64/libswt-pi-gtk-4332.so
7f519fa36000-7f519fa38000 rw-p 00072000 08:01 3815276                    /home/freeman/.swt/lib/linux/x86_64/libswt-pi-gtk-4332.so
7f519fa38000-7f519fa3b000 rw-p 00000000 00:00 0 
7f519fa3b000-7f519fab9000 r-xp 00000000 08:01 3810793                    /home/freeman/.swt/lib/linux/x86_64/libswt-gtk-4332.so
7f519fab9000-7f519fcb8000 ---p 0007e000 08:01 3810793                    /home/freeman/.swt/lib/linux/x86_64/libswt-gtk-4332.so
7f519fcb8000-7f519fcc0000 rw-p 0007d000 08:01 3810793                    /home/freeman/.swt/lib/linux/x86_64/libswt-gtk-4332.so
7f519fcc0000-7f519fcc2000 rw-p 00000000 00:00 0 
7f519fcc2000-7f519fcd8000 r--s 001b5000 08:01 4325689                    /home/freeman/git/Mp3Renamer/ressources/lib/swt-4.3-gtk-linux-x86_64.jar
7f519fcd8000-7f519fce6000 r--s 000c7000 08:01 4344910                    /home/freeman/git/Mp3Renamer/ressources/lib/jaudiotagger-2.0.4-20111207.115108-15.jar
7f519fce6000-7f519fce7000 ---p 00000000 00:00 0 
7f519fce7000-7f519fde7000 rw-p 00000000 00:00 0 
7f519fde7000-7f519fdea000 ---p 00000000 00:00 0 
7f519fdea000-7f519fee8000 rw-p 00000000 00:00 0 
7f519fee8000-7f519feeb000 ---p 00000000 00:00 0 
7f519feeb000-7f519ffe9000 rw-p 00000000 00:00 0 
7f519ffe9000-7f519ffec000 ---p 00000000 00:00 0 
7f519ffec000-7f51a00ea000 rw-p 00000000 00:00 0 
7f51a00ea000-7f51a00ed000 ---p 00000000 00:00 0 
7f51a00ed000-7f51a01eb000 rw-p 00000000 00:00 0 
7f51a01eb000-7f51a0362000 r--p 00000000 08:01 5773712                    /usr/lib/locale/locale-archive
7f51a0362000-7f51a0365000 ---p 00000000 00:00 0 
7f51a0365000-7f51a0463000 rw-p 00000000 00:00 0 
7f51a0463000-7f51a0466000 ---p 00000000 00:00 0 
7f51a0466000-7f51a0564000 rw-p 00000000 00:00 0 
7f51a0564000-7f51a0565000 ---p 00000000 00:00 0 
7f51a0565000-7f51a1664000 rw-p 00000000 00:00 0 
7f51a1664000-7f51a1820000 r--s 039b2000 08:01 5772898                    /usr/lib/jvm/java-7-oracle/jre/lib/rt.jar
7f51a1820000-7f51a3b90000 rw-p 00000000 00:00 0 
7f51a3b90000-7f51a3b91000 ---p 00000000 00:00 0 
7f51a3b91000-7f51a3c91000 rw-p 00000000 00:00 0 
7f51a3c91000-7f51a3c92000 ---p 00000000 00:00 0 
7f51a3c92000-7f51a3d92000 rw-p 00000000 00:00 0 
7f51a3d92000-7f51a3d93000 ---p 00000000 00:00 0 
7f51a3d93000-7f51a3e93000 rw-p 00000000 00:00 0 
7f51a3e93000-7f51a3e94000 ---p 00000000 00:00 0 
7f51a3e94000-7f51a3f9f000 rw-p 00000000 00:00 0 
7f51a3f9f000-7f51a3fbd000 rw-p 00000000 00:00 0 
7f51a3fbd000-7f51a3fd1000 rw-p 00000000 00:00 0 
7f51a3fd1000-7f51a40fc000 rw-p 00000000 00:00 0 
7f51a40fc000-7f51a4107000 rw-p 00000000 00:00 0 
7f51a4107000-7f51a4125000 rw-p 00000000 00:00 0 
7f51a4125000-7f51a4139000 rw-p 00000000 00:00 0 
7f51a4139000-7f51a4263000 rw-p 00000000 00:00 0 
7f51a4263000-7f51a426e000 rw-p 00000000 00:00 0 
7f51a426e000-7f51a4303000 rw-p 00000000 00:00 0 
7f51a4303000-7f51a4304000 rw-p 00000000 00:00 0 
7f51a4304000-7f51a4574000 rwxp 00000000 00:00 0 
7f51a4574000-7f51a7304000 rw-p 00000000 00:00 0 
7f51a7304000-7f51a731e000 r-xp 00000000 08:01 5783111                    /usr/lib/jvm/java-7-oracle/jre/lib/amd64/libzip.so
7f51a731e000-7f51a751e000 ---p 0001a000 08:01 5783111                    /usr/lib/jvm/java-7-oracle/jre/lib/amd64/libzip.so
7f51a751e000-7f51a751f000 rw-p 0001a000 08:01 5783111                    /usr/lib/jvm/java-7-oracle/jre/lib/amd64/libzip.so
7f51a751f000-7f51a752a000 r-xp 00000000 08:01 4980763                    /lib/x86_64-linux-gnu/libnss_files-2.13.so
7f51a752a000-7f51a7729000 ---p 0000b000 08:01 4980763                    /lib/x86_64-linux-gnu/libnss_files-2.13.so
7f51a7729000-7f51a772a000 r--p 0000a000 08:01 4980763                    /lib/x86_64-linux-gnu/libnss_files-2.13.so
7f51a772a000-7f51a772b000 rw-p 0000b000 08:01 4980763                    /lib/x86_64-linux-gnu/libnss_files-2.13.so
7f51a772b000-7f51a7735000 r-xp 00000000 08:01 4980775                    /lib/x86_64-linux-gnu/libnss_nis-2.13.so
7f51a7735000-7f51a7934000 ---p 0000a000 08:01 4980775                    /lib/x86_64-linux-gnu/libnss_nis-2.13.so
7f51a7934000-7f51a7935000 r--p 00009000 08:01 4980775                    /lib/x86_64-linux-gnu/libnss_nis-2.13.so
7f51a7935000-7f51a7936000 rw-p 0000a000 08:01 4980775                    /lib/x86_64-linux-gnu/libnss_nis-2.13.so
7f51a7936000-7f51a794b000 r-xp 00000000 08:01 4980773                    /lib/x86_64-linux-gnu/libnsl-2.13.so
7f51a794b000-7f51a7b4a000 ---p 00015000 08:01 4980773                    /lib/x86_64-linux-gnu/libnsl-2.13.so
7f51a7b4a000-7f51a7b4b000 r--p 00014000 08:01 4980773                    /lib/x86_64-linux-gnu/libnsl-2.13.so
7f51a7b4b000-7f51a7b4c000 rw-p 00015000 08:01 4980773                    /lib/x86_64-linux-gnu/libnsl-2.13.so
7f51a7b4c000-7f51a7b4e000 rw-p 00000000 00:00 0 
7f51a7b4e000-7f51a7b55000 r-xp 00000000 08:01 4980765                    /lib/x86_64-linux-gnu/libnss_compat-2.13.so
7f51a7b55000-7f51a7d54000 ---p 00007000 08:01 4980765                    /lib/x86_64-linux-gnu/libnss_compat-2.13.so
7f51a7d54000-7f51a7d55000 r--p 00006000 08:01 4980765                    /lib/x86_64-linux-gnu/libnss_compat-2.13.so
7f51a7d55000-7f51a7d56000 rw-p 00007000 08:01 4980765                    /lib/x86_64-linux-gnu/libnss_compat-2.13.so
7f51a7d56000-7f51a7d7f000 r-xp 00000000 08:01 5783110                    /usr/lib/jvm/java-7-oracle/jre/lib/amd64/libjava.so
7f51a7d7f000-7f51a7f7f000 ---p 00029000 08:01 5783110                    /usr/lib/jvm/java-7-oracle/jre/lib/amd64/libjava.so
7f51a7f7f000-7f51a7f81000 rw-p 00029000 08:01 5783110                    /usr/lib/jvm/java-7-oracle/jre/lib/amd64/libjava.so
7f51a7f81000-7f51a7f8e000 r-xp 00000000 08:01 5783090                    /usr/lib/jvm/java-7-oracle/jre/lib/amd64/libverify.so
7f51a7f8e000-7f51a818d000 ---p 0000d000 08:01 5783090                    /usr/lib/jvm/java-7-oracle/jre/lib/amd64/libverify.so
7f51a818d000-7f51a818f000 rw-p 0000c000 08:01 5783090                    /usr/lib/jvm/java-7-oracle/jre/lib/amd64/libverify.so
7f51a818f000-7f51a8196000 r-xp 00000000 08:01 4980764                    /lib/x86_64-linux-gnu/librt-2.13.so
7f51a8196000-7f51a8395000 ---p 00007000 08:01 4980764                    /lib/x86_64-linux-gnu/librt-2.13.so
7f51a8395000-7f51a8396000 r--p 00006000 08:01 4980764                    /lib/x86_64-linux-gnu/librt-2.13.so
7f51a8396000-7f51a8397000 rw-p 00007000 08:01 4980764                    /lib/x86_64-linux-gnu/librt-2.13.so
7f51a8397000-7f51a8418000 r-xp 00000000 08:01 4980766                    /lib/x86_64-linux-gnu/libm-2.13.so
7f51a8418000-7f51a8617000 ---p 00081000 08:01 4980766                    /lib/x86_64-linux-gnu/libm-2.13.so
7f51a8617000-7f51a8618000 r--p 00080000 08:01 4980766                    /lib/x86_64-linux-gnu/libm-2.13.so
7f51a8618000-7f51a8619000 rw-p 00081000 08:01 4980766                    /lib/x86_64-linux-gnu/libm-2.13.so
7f51a8619000-7f51a917b000 r-xp 00000000 08:01 5783132                    /usr/lib/jvm/java-7-oracle/jre/lib/amd64/server/libjvm.so
7f51a917b000-7f51a937b000 ---p 00b62000 08:01 5783132                    /usr/lib/jvm/java-7-oracle/jre/lib/amd64/server/libjvm.so
7f51a937b000-7f51a943e000 rw-p 00b62000 08:01 5783132                    /usr/lib/jvm/java-7-oracle/jre/lib/amd64/server/libjvm.so
7f51a943e000-7f51a947f000 rw-p 00000000 00:00 0 
7f51a947f000-7f51a95ff000 r-xp 00000000 08:01 4980769                    /lib/x86_64-linux-gnu/libc-2.13.so
7f51a95ff000-7f51a97ff000 ---p 00180000 08:01 4980769                    /lib/x86_64-linux-gnu/libc-2.13.so
7f51a97ff000-7f51a9803000 r--p 00180000 08:01 4980769                    /lib/x86_64-linux-gnu/libc-2.13.so
7f51a9803000-7f51a9804000 rw-p 00184000 08:01 4980769                    /lib/x86_64-linux-gnu/libc-2.13.so
7f51a9804000-7f51a9809000 rw-p 00000000 00:00 0 
7f51a9809000-7f51a980b000 r-xp 00000000 08:01 4980762                    /lib/x86_64-linux-gnu/libdl-2.13.so
7f51a980b000-7f51a9a0b000 ---p 00002000 08:01 4980762                    /lib/x86_64-linux-gnu/libdl-2.13.so
7f51a9a0b000-7f51a9a0c000 r--p 00002000 08:01 4980762                    /lib/x86_64-linux-gnu/libdl-2.13.so
7f51a9a0c000-7f51a9a0d000 rw-p 00003000 08:01 4980762                    /lib/x86_64-linux-gnu/libdl-2.13.so
7f51a9a0d000-7f51a9a23000 r-xp 00000000 08:01 5809041                    /usr/lib/jvm/java-7-oracle/lib/amd64/jli/libjli.so
7f51a9a23000-7f51a9c23000 ---p 00016000 08:01 5809041                    /usr/lib/jvm/java-7-oracle/lib/amd64/jli/libjli.so
7f51a9c23000-7f51a9c24000 rw-p 00016000 08:01 5809041                    /usr/lib/jvm/java-7-oracle/lib/amd64/jli/libjli.so
7f51a9c24000-7f51a9c3b000 r-xp 00000000 08:01 4980759                    /lib/x86_64-linux-gnu/libpthread-2.13.so
7f51a9c3b000-7f51a9e3a000 ---p 00017000 08:01 4980759                    /lib/x86_64-linux-gnu/libpthread-2.13.so
7f51a9e3a000-7f51a9e3b000 r--p 00016000 08:01 4980759                    /lib/x86_64-linux-gnu/libpthread-2.13.so
7f51a9e3b000-7f51a9e3c000 rw-p 00017000 08:01 4980759                    /lib/x86_64-linux-gnu/libpthread-2.13.so
7f51a9e3c000-7f51a9e40000 rw-p 00000000 00:00 0 
7f51a9e40000-7f51a9e60000 r-xp 00000000 08:01 4980772                    /lib/x86_64-linux-gnu/ld-2.13.so
7f51a9e60000-7f51a9e61000 r--s 00000000 08:01 2233151                    /var/cache/fontconfig/c05880de57d1f5e948fdfacc138775d9-le64.cache-3
7f51a9e61000-7f51a9e68000 r--s 00000000 08:01 5768313                    /usr/lib/x86_64-linux-gnu/gconv/gconv-modules.cache
7f51a9e68000-7f51a9e87000 rw-p 00000000 00:00 0 
7f51a9e87000-7f51a9f3d000 rw-p 00000000 00:00 0 
7f51a9f3d000-7f51a9f40000 ---p 00000000 00:00 0 
7f51a9f40000-7f51aa042000 rw-p 00000000 00:00 0 
7f51aa042000-7f51aa043000 r--s 00000000 08:01 2230570                    /var/cache/fontconfig/617957603a337376ca8784972c6029f5-le64.cache-3
7f51aa043000-7f51aa044000 r--s 00000000 08:01 2231810                    /var/cache/fontconfig/4794a0821666d79190d59a36cb4f44b5-le64.cache-3
7f51aa044000-7f51aa053000 r--p 00000000 08:01 5776426                    /usr/share/locale/fr/LC_MESSAGES/gtk20.mo
7f51aa053000-7f51aa05b000 rw-s 00000000 08:01 2887009                    /tmp/hsperfdata_freeman/8146
7f51aa05b000-7f51aa05c000 rw-p 00000000 00:00 0 
7f51aa05c000-7f51aa05d000 r--p 00000000 00:00 0 
7f51aa05d000-7f51aa05f000 rw-p 00000000 00:00 0 
7f51aa05f000-7f51aa060000 r--p 0001f000 08:01 4980772                    /lib/x86_64-linux-gnu/ld-2.13.so
7f51aa060000-7f51aa061000 rw-p 00020000 08:01 4980772                    /lib/x86_64-linux-gnu/ld-2.13.so
7f51aa061000-7f51aa062000 rw-p 00000000 00:00 0 
7fff8865f000-7fff88680000 rw-p 00000000 00:00 0                          [stack]
7fff886d4000-7fff886d5000 r-xp 00000000 00:00 0                          [vdso]
ffffffffff600000-ffffffffff601000 r-xp 00000000 00:00 0                  [vsyscall]

VM Arguments:
jvm_args: -Dfile.encoding=UTF-8 
java_command: com.marajy.mp3renamer.Main
Launcher Type: SUN_STANDARD

Environment Variables:
PATH=/usr/local/bin:/usr/bin:/bin:/usr/local/games:/usr/games
SHELL=/bin/bash
DISPLAY=:0.0

Signal Handlers:
SIGSEGV: [libjvm.so+0x9935b0], sa_mask[0]=0x7ffbfeff, sa_flags=0x10000004
SIGBUS: [libjvm.so+0x9935b0], sa_mask[0]=0x7ffbfeff, sa_flags=0x10000004
SIGFPE: [libjvm.so+0x810330], sa_mask[0]=0x7ffbfeff, sa_flags=0x10000004
SIGPIPE: SIG_IGN, sa_mask[0]=0x00001000, sa_flags=0x10000000
SIGXFSZ: [libjvm.so+0x810330], sa_mask[0]=0x7ffbfeff, sa_flags=0x10000004
SIGILL: [libjvm.so+0x810330], sa_mask[0]=0x7ffbfeff, sa_flags=0x10000004
SIGUSR1: SIG_DFL, sa_mask[0]=0x00000000, sa_flags=0x00000000
SIGUSR2: [libjvm.so+0x811820], sa_mask[0]=0x00000004, sa_flags=0x10000004
SIGHUP: [libjvm.so+0x812790], sa_mask[0]=0x7ffbfeff, sa_flags=0x10000004
SIGINT: [libjvm.so+0x812790], sa_mask[0]=0x7ffbfeff, sa_flags=0x10000004
SIGTERM: [libjvm.so+0x812790], sa_mask[0]=0x7ffbfeff, sa_flags=0x10000004
SIGQUIT: [libjvm.so+0x812790], sa_mask[0]=0x7ffbfeff, sa_flags=0x10000004


---------------  S Y S T E M  ---------------

OS:7.2

uname:Linux 3.2.0-4-amd64 #1 SMP Debian 3.2.51-1 x86_64
libc:glibc 2.13 NPTL 2.13 
rlimit: STACK 8192k, CORE 0k, NPROC 30447, NOFILE 4096, AS infinity
load average:0,48 0,95 0,95

/proc/meminfo:
MemTotal:        3909368 kB
MemFree:          144300 kB
Buffers:           25460 kB
Cached:           476740 kB
SwapCached:        50268 kB
Active:          2675592 kB
Inactive:         889268 kB
Active(anon):    2491472 kB
Inactive(anon):   688820 kB
Active(file):     184120 kB
Inactive(file):   200448 kB
Unevictable:          48 kB
Mlocked:              48 kB
SwapTotal:       4789244 kB
SwapFree:        3745512 kB
Dirty:              1140 kB
Writeback:            20 kB
AnonPages:       3047980 kB
Mapped:           143192 kB
Shmem:            117644 kB
Slab:              93572 kB
SReclaimable:      54560 kB
SUnreclaim:        39012 kB
KernelStack:        5880 kB
PageTables:        57160 kB
NFS_Unstable:          0 kB
Bounce:                0 kB
WritebackTmp:          0 kB
CommitLimit:     6743928 kB
Committed_AS:    7834532 kB
VmallocTotal:   34359738367 kB
VmallocUsed:      556560 kB
VmallocChunk:   34359158924 kB
HardwareCorrupted:     0 kB
AnonHugePages:         0 kB
HugePages_Total:       0
HugePages_Free:        0
HugePages_Rsvd:        0
HugePages_Surp:        0
Hugepagesize:       2048 kB
DirectMap4k:      100352 kB
DirectMap2M:     3944448 kB


CPU:total 4 (2 cores per cpu, 2 threads per core) family 6 model 42 stepping 7, cmov, cx8, fxsr, mmx, sse, sse2, sse3, ssse3, sse4.1, sse4.2, popcnt, avx, aes, ht, tsc, tscinvbit

/proc/cpuinfo:
processor	: 0
vendor_id	: GenuineIntel
cpu family	: 6
model		: 42
model name	: Intel(R) Core(TM) i5-2467M CPU @ 1.60GHz
stepping	: 7
microcode	: 0x23
cpu MHz		: 1601.000
cache size	: 3072 KB
physical id	: 0
siblings	: 4
core id		: 0
cpu cores	: 2
apicid		: 0
initial apicid	: 0
fpu		: yes
fpu_exception	: yes
cpuid level	: 13
wp		: yes
flags		: fpu vme de pse tsc msr pae mce cx8 apic sep mtrr pge mca cmov pat pse36 clflush dts acpi mmx fxsr sse sse2 ss ht tm pbe syscall nx rdtscp lm constant_tsc arch_perfmon pebs bts rep_good nopl xtopology nonstop_tsc aperfmperf pni pclmulqdq dtes64 monitor ds_cpl vmx est tm2 ssse3 cx16 xtpr pdcm pcid sse4_1 sse4_2 x2apic popcnt tsc_deadline_timer aes xsave avx lahf_lm ida arat epb xsaveopt pln pts dtherm tpr_shadow vnmi flexpriority ept vpid
bogomips	: 3193.25
clflush size	: 64
cache_alignment	: 64
address sizes	: 36 bits physical, 48 bits virtual
power management:

processor	: 1
vendor_id	: GenuineIntel
cpu family	: 6
model		: 42
model name	: Intel(R) Core(TM) i5-2467M CPU @ 1.60GHz
stepping	: 7
microcode	: 0x23
cpu MHz		: 800.000
cache size	: 3072 KB
physical id	: 0
siblings	: 4
core id		: 0
cpu cores	: 2
apicid		: 1
initial apicid	: 1
fpu		: yes
fpu_exception	: yes
cpuid level	: 13
wp		: yes
flags		: fpu vme de pse tsc msr pae mce cx8 apic sep mtrr pge mca cmov pat pse36 clflush dts acpi mmx fxsr sse sse2 ss ht tm pbe syscall nx rdtscp lm constant_tsc arch_perfmon pebs bts rep_good nopl xtopology nonstop_tsc aperfmperf pni pclmulqdq dtes64 monitor ds_cpl vmx est tm2 ssse3 cx16 xtpr pdcm pcid sse4_1 sse4_2 x2apic popcnt tsc_deadline_timer aes xsave avx lahf_lm ida arat epb xsaveopt pln pts dtherm tpr_shadow vnmi flexpriority ept vpid
bogomips	: 3192.60
clflush size	: 64
cache_alignment	: 64
address sizes	: 36 bits physical, 48 bits virtual
power management:

processor	: 2
vendor_id	: GenuineIntel
cpu family	: 6
model		: 42
model name	: Intel(R) Core(TM) i5-2467M CPU @ 1.60GHz
stepping	: 7
microcode	: 0x23
cpu MHz		: 800.000
cache size	: 3072 KB
physical id	: 0
siblings	: 4
core id		: 1
cpu cores	: 2
apicid		: 2
initial apicid	: 2
fpu		: yes
fpu_exception	: yes
cpuid level	: 13
wp		: yes
flags		: fpu vme de pse tsc msr pae mce cx8 apic sep mtrr pge mca cmov pat pse36 clflush dts acpi mmx fxsr sse sse2 ss ht tm pbe syscall nx rdtscp lm constant_tsc arch_perfmon pebs bts rep_good nopl xtopology nonstop_tsc aperfmperf pni pclmulqdq dtes64 monitor ds_cpl vmx est tm2 ssse3 cx16 xtpr pdcm pcid sse4_1 sse4_2 x2apic popcnt tsc_deadline_timer aes xsave avx lahf_lm ida arat epb xsaveopt pln pts dtherm tpr_shadow vnmi flexpriority ept vpid
bogomips	: 3192.61
clflush size	: 64
cache_alignment	: 64
address sizes	: 36 bits physical, 48 bits virtual
power management:

processor	: 3
vendor_id	: GenuineIntel
cpu family	: 6
model		: 42
model name	: Intel(R) Core(TM) i5-2467M CPU @ 1.60GHz
stepping	: 7
microcode	: 0x23
cpu MHz		: 800.000
cache size	: 3072 KB
physical id	: 0
siblings	: 4
core id		: 1
cpu cores	: 2
apicid		: 3
initial apicid	: 3
fpu		: yes
fpu_exception	: yes
cpuid level	: 13
wp		: yes
flags		: fpu vme de pse tsc msr pae mce cx8 apic sep mtrr pge mca cmov pat pse36 clflush dts acpi mmx fxsr sse sse2 ss ht tm pbe syscall nx rdtscp lm constant_tsc arch_perfmon pebs bts rep_good nopl xtopology nonstop_tsc aperfmperf pni pclmulqdq dtes64 monitor ds_cpl vmx est tm2 ssse3 cx16 xtpr pdcm pcid sse4_1 sse4_2 x2apic popcnt tsc_deadline_timer aes xsave avx lahf_lm ida arat epb xsaveopt pln pts dtherm tpr_shadow vnmi flexpriority ept vpid
bogomips	: 3192.62
clflush size	: 64
cache_alignment	: 64
address sizes	: 36 bits physical, 48 bits virtual
power management:



Memory: 4k page, physical 3909368k(144300k free), swap 4789244k(3745512k free)

vm_info: Java HotSpot(TM) 64-Bit Server VM (24.45-b08) for linux-amd64 JRE (1.7.0_45-b18), built on Oct  8 2013 05:44:25 by "java_re" with gcc 4.3.0 20080428 (Red Hat 4.3.0-8)

time: Mon Dec 23 12:19:50 2013
elapsed time: 35 seconds

