#
# A fatal error has been detected by the Java Runtime Environment:
#
#  SIGSEGV (0xb) at pc=0x00007f2805caf28e, pid=4842, tid=139810053474048
#
# JRE version: Java(TM) SE Runtime Environment (7.0_45-b18) (build 1.7.0_45-b18)
# Java VM: Java HotSpot(TM) 64-Bit Server VM (24.45-b08 mixed mode linux-amd64 compressed oops)
# Problematic frame:
# C  [libgtk-x11-2.0.so.0+0x25628e]  gtk_widget_get_has_window+0xe
#
# Failed to write core dump. Core dumps have been disabled. To enable core dumping, try "ulimit -c unlimited" before starting Java again
#
# If you would like to submit a bug report, please visit:
#   http://bugreport.sun.com/bugreport/crash.jsp
# The crash happened outside the Java Virtual Machine in native code.
# See problematic frame for where to report the bug.
#

---------------  T H R E A D  ---------------

Current thread (0x000000000110c000):  JavaThread "main" [_thread_in_native, id=4848, stack(0x00007f281082c000,0x00007f281092d000)]

siginfo:si_signo=SIGSEGV: si_errno=0, si_code=1 (SEGV_MAPERR), si_addr=0x0000000000000037

Registers:
RAX=0x00000000012a7b00, RBX=0x0000000000000037, RCX=0x0000000000000461, RDX=0x00007f2805caf280
RSP=0x00007f2810929bc0, RBP=0x00007f2810929c38, RSI=0x00007f2810929c48, RDI=0x0000000000000037
R8 =0x0000000001652200, R9 =0x0000000000000000, R10=0x00007f280ac05cac, R11=0x00007f280f7afa90
R12=0x0000000000000000, R13=0x00000000bf5aaaa8, R14=0x00007f2810929c60, R15=0x000000000110c000
RIP=0x00007f2805caf28e, EFLAGS=0x0000000000010202, CSGSFS=0x0000000000000033, ERR=0x0000000000000004
  TRAPNO=0x000000000000000e

Top of Stack: (sp=0x00007f2810929bc0)
0x00007f2810929bc0:   0000000000000037 00007f28060ee7b7
0x00007f2810929bd0:   00000000bf5aaaa8 00007f280ac05cd8
0x00007f2810929be0:   00007f281092a120 00007f2804358e60
0x00007f2810929bf0:   00000000013d7110 00007f2810929bf8
0x00007f2810929c00:   0000000000000000 00007f2810929c60
0x00007f2810929c10:   00000000bf5c7960 0000000000000000
0x00007f2810929c20:   00000000bf5aaaa8 0000000000000000
0x00007f2810929c30:   00007f2810929c58 00007f2810929ca8
0x00007f2810929c40:   00007f280abf9350 00000000ec28d418
0x00007f2810929c50:   00007f280ac01cc0 0000000000000037
0x00007f2810929c60:   0000000000000003 00007f2810929c68
0x00007f2810929c70:   00000000bf5aab80 00007f2810929cd8
0x00007f2810929c80:   00000000bf5c7960 0000000000000000
0x00007f2810929c90:   00000000bf5aabb0 00007f2810929c58
0x00007f2810929ca0:   00007f2810929cd0 00007f2810929d20
0x00007f2810929cb0:   00007f280abf9350 0000000000000000
0x00007f2810929cc0:   0000000000000000 0000000000000000
0x00007f2810929cd0:   0000000000000037 000000000002180a
0x00007f2810929ce0:   00007f2810929ce0 00000000bf4def66
0x00007f2810929cf0:   00007f2810929d40 00000000bf650e60
0x00007f2810929d00:   0000000000000000 00000000bf4def80
0x00007f2810929d10:   00007f2810929cd0 00007f2810929d30
0x00007f2810929d20:   00007f2810929d88 00007f280abf9350
0x00007f2810929d30:   0000000000000037 0000000000000037
0x00007f2810929d40:   00000000ec5b5068 00007f2810929d48
0x00007f2810929d50:   00000000bf4c27ea 00007f2810929db8
0x00007f2810929d60:   00000000bf6545d0 0000000000000000
0x00007f2810929d70:   00000000bf4c2800 00007f2810929d30
0x00007f2810929d80:   00007f2810929db8 00007f2810929e00
0x00007f2810929d90:   00007f280abf9175 0000000000000037
0x00007f2810929da0:   0000000000000000 000000000149d030
0x00007f2810929db0:   0000000000000000 00000000ec5b5068 

Instructions: (pc=0x00007f2805caf28e)
0x00007f2805caf26e:   48 83 c4 18 c3 66 66 66 66 2e 0f 1f 84 00 00 00
0x00007f2805caf27e:   00 00 53 48 89 fb e8 77 e4 ff ff 48 85 db 74 1c
0x00007f2805caf28e:   48 8b 13 48 85 d2 74 05 48 39 02 74 35 48 89 c6
0x00007f2805caf29e:   48 89 df e8 8a ad e1 ff 85 c0 75 26 48 8d 15 a5 

Register to memory mapping:

RAX=0x00000000012a7b00 is an unknown value
RBX=0x0000000000000037 is an unknown value
RCX=0x0000000000000461 is an unknown value
RDX=0x00007f2805caf280: gtk_widget_get_has_window+0 in /usr/lib/x86_64-linux-gnu/libgtk-x11-2.0.so.0 at 0x00007f2805a59000
RSP=0x00007f2810929bc0 is pointing into the stack for thread: 0x000000000110c000
RBP=0x00007f2810929c38 is pointing into the stack for thread: 0x000000000110c000
RSI=0x00007f2810929c48 is pointing into the stack for thread: 0x000000000110c000
RDI=0x0000000000000037 is an unknown value
R8 =0x0000000001652200 is an unknown value
R9 =0x0000000000000000 is an unknown value
R10=0x00007f280ac05cac is at code_begin+620 in an Interpreter codelet
method entry point (kind = native)  [0x00007f280ac05a40, 0x00007f280ac062a0]  2144 bytes
R11=0x00007f280f7afa90: <offset 0x8a7a90> in /usr/lib/jvm/java-7-oracle/jre/lib/amd64/server/libjvm.so at 0x00007f280ef08000
R12=0x0000000000000000 is an unknown value
R13=0x00000000bf5aaaa8 is an oop
{method} 
 - klass: {other class}
R14=0x00007f2810929c60 is pointing into the stack for thread: 0x000000000110c000
R15=0x000000000110c000 is a thread


Stack: [0x00007f281082c000,0x00007f281092d000],  sp=0x00007f2810929bc0,  free space=1014k
Native frames: (J=compiled Java code, j=interpreted, Vv=VM code, C=native code)
C  [libgtk-x11-2.0.so.0+0x25628e]  gtk_widget_get_has_window+0xe
j  org.eclipse.swt.internal.gtk.OS.gtk_widget_get_has_window(J)Z+8
j  org.eclipse.swt.widgets.Widget.gtk_widget_get_has_window(J)Z+14
j  org.eclipse.swt.widgets.Control.paintHandle()J+18
j  org.eclipse.swt.widgets.Control.paintWindow()J+1
j  org.eclipse.swt.widgets.Widget.windowProc(JJJ)J+292
j  org.eclipse.swt.widgets.Control.windowProc(JJJ)J+466
j  org.eclipse.swt.widgets.Display.windowProc(JJJ)J+20
v  ~StubRoutines::call_stub
V  [libjvm.so+0x5f8485]  JavaCalls::call_helper(JavaValue*, methodHandle*, JavaCallArguments*, Thread*)+0x365
V  [libjvm.so+0x5f6ee8]  JavaCalls::call(JavaValue*, methodHandle, JavaCallArguments*, Thread*)+0x28
V  [libjvm.so+0x630ba4]  jni_invoke_nonstatic(JNIEnv_*, JavaValue*, _jobject*, JNICallType, _jmethodID*, JNI_ArgumentPusher*, Thread*)+0x2b4
V  [libjvm.so+0x641079]  jni_CallLongMethodV+0xe9

Java frames: (J=compiled Java code, j=interpreted, Vv=VM code)
j  org.eclipse.swt.internal.gtk.OS._gtk_widget_get_has_window(J)Z+0
j  org.eclipse.swt.internal.gtk.OS.gtk_widget_get_has_window(J)Z+8
j  org.eclipse.swt.widgets.Widget.gtk_widget_get_has_window(J)Z+14
j  org.eclipse.swt.widgets.Control.paintHandle()J+18
j  org.eclipse.swt.widgets.Control.paintWindow()J+1
j  org.eclipse.swt.widgets.Widget.windowProc(JJJ)J+292
j  org.eclipse.swt.widgets.Control.windowProc(JJJ)J+466
j  org.eclipse.swt.widgets.Display.windowProc(JJJ)J+20
v  ~StubRoutines::call_stub
j  org.eclipse.swt.internal.gtk.OS._gtk_main_do_event(J)V+0
j  org.eclipse.swt.internal.gtk.OS.gtk_main_do_event(J)V+8
j  org.eclipse.swt.widgets.Display.eventProc(JJ)J+149
v  ~StubRoutines::call_stub
j  org.eclipse.swt.internal.gtk.OS._g_main_context_iteration(JZ)Z+0
j  org.eclipse.swt.internal.gtk.OS.g_main_context_iteration(JZ)Z+9
j  org.eclipse.swt.widgets.Display.readAndDispatch()Z+36
j  com.marajy.mp3renamer.Main.main([Ljava/lang/String;)V+3087
v  ~StubRoutines::call_stub

---------------  P R O C E S S  ---------------

Java Threads: ( => current thread )
  0x00000000016af800 JavaThread "Java Sound Event Dispatcher" daemon [_thread_blocked, id=4883, stack(0x00007f27f3fe8000,0x00007f27f40e9000)]
  0x000000000130d000 JavaThread "Thread-1" [_thread_blocked, id=4876, stack(0x00007f27f4812000,0x00007f27f4913000)]
  0x000000000119f800 JavaThread "Service Thread" daemon [_thread_blocked, id=4859, stack(0x00007f28066d6000,0x00007f28067d7000)]
  0x000000000119c800 JavaThread "C2 CompilerThread1" daemon [_thread_blocked, id=4858, stack(0x00007f28067d7000,0x00007f28068d8000)]
  0x0000000001199800 JavaThread "C2 CompilerThread0" daemon [_thread_blocked, id=4857, stack(0x00007f28068d8000,0x00007f28069d9000)]
  0x000000000118f000 JavaThread "Signal Dispatcher" daemon [_thread_blocked, id=4856, stack(0x00007f28069d9000,0x00007f2806ada000)]
  0x0000000001178000 JavaThread "Finalizer" daemon [_thread_blocked, id=4855, stack(0x00007f2806c51000,0x00007f2806d52000)]
  0x000000000116e800 JavaThread "Reference Handler" daemon [_thread_blocked, id=4854, stack(0x00007f2806d52000,0x00007f2806e53000)]
=>0x000000000110c000 JavaThread "main" [_thread_in_native, id=4848, stack(0x00007f281082c000,0x00007f281092d000)]

Other Threads:
  0x000000000116c000 VMThread [stack: 0x00007f2806e53000,0x00007f2806f54000] [id=4853]
  0x00000000011aa800 WatcherThread [stack: 0x00007f28065d5000,0x00007f28066d6000] [id=4860]

VM state:not at safepoint (normal execution)

VM Mutex/Monitor currently owned by a thread: None

Heap
 PSYoungGen      total 17920K, used 12794K [0x00000000ec100000, 0x00000000ed500000, 0x0000000100000000)
  eden space 15360K, 83% used [0x00000000ec100000,0x00000000ecd7e830,0x00000000ed000000)
  from space 2560K, 0% used [0x00000000ed280000,0x00000000ed280000,0x00000000ed500000)
  to   space 2560K, 0% used [0x00000000ed000000,0x00000000ed000000,0x00000000ed280000)
 ParOldGen       total 40448K, used 0K [0x00000000c4400000, 0x00000000c6b80000, 0x00000000ec100000)
  object space 40448K, 0% used [0x00000000c4400000,0x00000000c4400000,0x00000000c6b80000)
 PSPermGen       total 21504K, used 8682K [0x00000000bf200000, 0x00000000c0700000, 0x00000000c4400000)
  object space 21504K, 40% used [0x00000000bf200000,0x00000000bfa7aa08,0x00000000c0700000)

Card table byte_map: [0x00007f280a9eb000,0x00007f280abf3000] byte_map_base: 0x00007f280a3f2000

Polling page: 0x00007f281094b000

Code Cache  [0x00007f280abf3000, 0x00007f280ae63000, 0x00007f280dbf3000)
 total_blobs=484 nmethods=69 adapters=369 free_code_cache=48427Kb largest_free_block=49569152

Compilation events (10 events):
Event: 16,889 Thread 0x000000000119c800 nmethod 64 0x00007f280ac905d0 code [0x00007f280ac90720, 0x00007f280ac90978]
Event: 16,889 Thread 0x000000000119c800   66             javazoom.jl.decoder.SynthesisFilter::compute_pcm_samples13 (265 bytes)
Event: 16,892 Thread 0x0000000001199800 nmethod 65 0x00007f280aca8950 code [0x00007f280aca8aa0, 0x00007f280aca8cf8]
Event: 16,893 Thread 0x0000000001199800   67             javazoom.jl.decoder.SynthesisFilter::compute_pcm_samples14 (265 bytes)
Event: 16,894 Thread 0x000000000119c800 nmethod 66 0x00007f280aca8e10 code [0x00007f280aca8f60, 0x00007f280aca91b8]
Event: 16,897 Thread 0x0000000001199800 nmethod 67 0x00007f280aca92d0 code [0x00007f280aca9420, 0x00007f280aca9678]
Event: 16,991 Thread 0x000000000119c800   68             javazoom.jl.decoder.LayerIIIDecoder::inv_mdct (2339 bytes)
Event: 17,031 Thread 0x000000000119c800 nmethod 68 0x00007f280aca9790 code [0x00007f280aca9d00, 0x00007f280acaae18]
Event: 18,685 Thread 0x0000000001199800   69             javazoom.jl.decoder.SynthesisFilter::compute_new_v (2793 bytes)
Event: 18,714 Thread 0x0000000001199800 nmethod 69 0x00007f280acab410 code [0x00007f280acab800, 0x00007f280acaca58]

GC Heap History (0 events):
No events

Deoptimization events (1 events):
Event: 13,423 Thread 0x000000000110c000 Uncommon trap: reason=null_check action=make_not_entrant pc=0x00007f280ac6ec58 method=java.lang.String.equals(Ljava/lang/Object;)Z @ 8

Internal exceptions (10 events):
Event: 15,525 Thread 0x000000000130d000 Threw 0x00000000ecc92c40 at /HUDSON/workspace/7u-2-build-linux-amd64/jdk7u45/229/hotspot/src/share/vm/prims/jvm.cpp:1244
Event: 15,530 Thread 0x000000000130d000 Threw 0x00000000ecc9f9b0 at /HUDSON/workspace/7u-2-build-linux-amd64/jdk7u45/229/hotspot/src/share/vm/prims/jvm.cpp:1244
Event: 15,545 Thread 0x000000000130d000 Threw 0x00000000eccb6408 at /HUDSON/workspace/7u-2-build-linux-amd64/jdk7u45/229/hotspot/src/share/vm/prims/jvm.cpp:1244
Event: 15,560 Thread 0x000000000130d000 Threw 0x00000000eccf9958 at /HUDSON/workspace/7u-2-build-linux-amd64/jdk7u45/229/hotspot/src/share/vm/prims/jvm.cpp:1244
Event: 15,561 Thread 0x000000000130d000 Threw 0x00000000eccfc798 at /HUDSON/workspace/7u-2-build-linux-amd64/jdk7u45/229/hotspot/src/share/vm/prims/jvm.cpp:1244
Event: 15,561 Thread 0x000000000130d000 Threw 0x00000000ecd04ab8 at /HUDSON/workspace/7u-2-build-linux-amd64/jdk7u45/229/hotspot/src/share/vm/prims/jvm.cpp:1244
Event: 15,562 Thread 0x000000000130d000 Threw 0x00000000ecd076a0 at /HUDSON/workspace/7u-2-build-linux-amd64/jdk7u45/229/hotspot/src/share/vm/prims/jvm.cpp:1244
Event: 15,563 Thread 0x000000000130d000 Threw 0x00000000ecd2a2f8 at /HUDSON/workspace/7u-2-build-linux-amd64/jdk7u45/229/hotspot/src/share/vm/prims/jvm.cpp:1244
Event: 15,563 Thread 0x000000000130d000 Threw 0x00000000ecd2d0d0 at /HUDSON/workspace/7u-2-build-linux-amd64/jdk7u45/229/hotspot/src/share/vm/prims/jvm.cpp:1244
Event: 15,563 Thread 0x000000000130d000 Threw 0x00000000ecd2fd58 at /HUDSON/workspace/7u-2-build-linux-amd64/jdk7u45/229/hotspot/src/share/vm/prims/jvm.cpp:1244

Events (10 events):
Event: 15,561 loading class 0x00000000016f8cc0
Event: 15,561 loading class 0x00000000016f8cc0 done
Event: 15,562 loading class 0x00000000016f8d00
Event: 15,562 loading class 0x00000000016f8d00 done
Event: 15,563 loading class 0x00000000016f8d40
Event: 15,563 loading class 0x00000000016f8d40 done
Event: 15,563 loading class 0x00000000016f8d90
Event: 15,563 loading class 0x00000000016f8d90 done
Event: 15,563 loading class 0x00000000016f8de0
Event: 15,563 loading class 0x00000000016f8de0 done


Dynamic libraries:
00400000-00401000 r-xp 00000000 08:01 5917295                            /usr/lib/jvm/java-7-oracle/bin/java
00600000-00601000 rw-p 00000000 08:01 5917295                            /usr/lib/jvm/java-7-oracle/bin/java
01101000-01c50000 rw-p 00000000 00:00 0                                  [heap]
bf200000-c0700000 rw-p 00000000 00:00 0 
c0700000-c4400000 rw-p 00000000 00:00 0 
c4400000-c6b80000 rw-p 00000000 00:00 0 
c6b80000-ec100000 rw-p 00000000 00:00 0 
ec100000-ed500000 rw-p 00000000 00:00 0 
ed500000-100000000 rw-p 00000000 00:00 0 
7f27e3fff000-7f27e8000000 rw-s 00000000 00:11 8496892                    /run/shm/pulse-shm-2489502716
7f27e8000000-7f27e8021000 rw-p 00000000 00:00 0 
7f27e8021000-7f27ec000000 ---p 00000000 00:00 0 
7f27eedd8000-7f27eedde000 r-xp 00000000 08:01 6426505                    /usr/lib/x86_64-linux-gnu/alsa-lib/libasound_module_pcm_pulse.so
7f27eedde000-7f27eefdd000 ---p 00006000 08:01 6426505                    /usr/lib/x86_64-linux-gnu/alsa-lib/libasound_module_pcm_pulse.so
7f27eefdd000-7f27eefde000 r--p 00005000 08:01 6426505                    /usr/lib/x86_64-linux-gnu/alsa-lib/libasound_module_pcm_pulse.so
7f27eefde000-7f27eefdf000 rw-p 00006000 08:01 6426505                    /usr/lib/x86_64-linux-gnu/alsa-lib/libasound_module_pcm_pulse.so
7f27eefdf000-7f27eefe5000 r-xp 00000000 08:01 5775674                    /usr/lib/x86_64-linux-gnu/libogg.so.0.8.0
7f27eefe5000-7f27ef1e4000 ---p 00006000 08:01 5775674                    /usr/lib/x86_64-linux-gnu/libogg.so.0.8.0
7f27ef1e4000-7f27ef1e5000 rw-p 00005000 08:01 5775674                    /usr/lib/x86_64-linux-gnu/libogg.so.0.8.0
7f27ef1e5000-7f27ef211000 r-xp 00000000 08:01 5775678                    /usr/lib/x86_64-linux-gnu/libvorbis.so.0.4.5
7f27ef211000-7f27ef410000 ---p 0002c000 08:01 5775678                    /usr/lib/x86_64-linux-gnu/libvorbis.so.0.4.5
7f27ef410000-7f27ef411000 r--p 0002b000 08:01 5775678                    /usr/lib/x86_64-linux-gnu/libvorbis.so.0.4.5
7f27ef411000-7f27ef412000 rw-p 0002c000 08:01 5775678                    /usr/lib/x86_64-linux-gnu/libvorbis.so.0.4.5
7f27ef412000-7f27ef6c5000 r-xp 00000000 08:01 5777722                    /usr/lib/x86_64-linux-gnu/libvorbisenc.so.2.0.8
7f27ef6c5000-7f27ef8c4000 ---p 002b3000 08:01 5777722                    /usr/lib/x86_64-linux-gnu/libvorbisenc.so.2.0.8
7f27ef8c4000-7f27ef8e0000 r--p 002b2000 08:01 5777722                    /usr/lib/x86_64-linux-gnu/libvorbisenc.so.2.0.8
7f27ef8e0000-7f27ef8e1000 rw-p 002ce000 08:01 5777722                    /usr/lib/x86_64-linux-gnu/libvorbisenc.so.2.0.8
7f27ef8e1000-7f27ef92c000 r-xp 00000000 08:01 5777720                    /usr/lib/x86_64-linux-gnu/libFLAC.so.8.2.0
7f27ef92c000-7f27efb2b000 ---p 0004b000 08:01 5777720                    /usr/lib/x86_64-linux-gnu/libFLAC.so.8.2.0
7f27efb2b000-7f27efb2c000 r--p 0004a000 08:01 5777720                    /usr/lib/x86_64-linux-gnu/libFLAC.so.8.2.0
7f27efb2c000-7f27efb2d000 rw-p 0004b000 08:01 5777720                    /usr/lib/x86_64-linux-gnu/libFLAC.so.8.2.0
7f27efb2d000-7f27efb31000 r-xp 00000000 08:01 4980822                    /lib/x86_64-linux-gnu/libuuid.so.1.3.0
7f27efb31000-7f27efd30000 ---p 00004000 08:01 4980822                    /lib/x86_64-linux-gnu/libuuid.so.1.3.0
7f27efd30000-7f27efd31000 r--p 00003000 08:01 4980822                    /lib/x86_64-linux-gnu/libuuid.so.1.3.0
7f27efd31000-7f27efd32000 rw-p 00004000 08:01 4980822                    /lib/x86_64-linux-gnu/libuuid.so.1.3.0
7f27efd32000-7f27efd33000 ---p 00000000 00:00 0 
7f27efd33000-7f27f0533000 rw-p 00000000 00:00 0 
7f27f0533000-7f27f0534000 ---p 00000000 00:00 0 
7f27f0534000-7f27f0d34000 rw-p 00000000 00:00 0 
7f27f0ec4000-7f27f0ec8000 r-xp 00000000 08:01 4980739                    /lib/x86_64-linux-gnu/libattr.so.1.1.0
7f27f0ec8000-7f27f10c7000 ---p 00004000 08:01 4980739                    /lib/x86_64-linux-gnu/libattr.so.1.1.0
7f27f10c7000-7f27f10c8000 r--p 00003000 08:01 4980739                    /lib/x86_64-linux-gnu/libattr.so.1.1.0
7f27f10c8000-7f27f10c9000 rw-p 00004000 08:01 4980739                    /lib/x86_64-linux-gnu/libattr.so.1.1.0
7f27f10c9000-7f27f10ce000 r-xp 00000000 08:01 5777718                    /usr/lib/x86_64-linux-gnu/libasyncns.so.0.3.1
7f27f10ce000-7f27f12cd000 ---p 00005000 08:01 5777718                    /usr/lib/x86_64-linux-gnu/libasyncns.so.0.3.1
7f27f12cd000-7f27f12ce000 rw-p 00004000 08:01 5777718                    /usr/lib/x86_64-linux-gnu/libasyncns.so.0.3.1
7f27f12ce000-7f27f132f000 r-xp 00000000 08:01 5777724                    /usr/lib/x86_64-linux-gnu/libsndfile.so.1.0.25
7f27f132f000-7f27f152e000 ---p 00061000 08:01 5777724                    /usr/lib/x86_64-linux-gnu/libsndfile.so.1.0.25
7f27f152e000-7f27f1530000 r--p 00060000 08:01 5777724                    /usr/lib/x86_64-linux-gnu/libsndfile.so.1.0.25
7f27f1530000-7f27f1531000 rw-p 00062000 08:01 5777724                    /usr/lib/x86_64-linux-gnu/libsndfile.so.1.0.25
7f27f1531000-7f27f1535000 rw-p 00000000 00:00 0 
7f27f1535000-7f27f1536000 ---p 00000000 00:00 0 
7f27f1536000-7f27f1d36000 rw-p 00000000 00:00 0 
7f27f1d36000-7f27f1d37000 ---p 00000000 00:00 0 
7f27f1d37000-7f27f2537000 rw-p 00000000 00:00 0 
7f27f2537000-7f27f2538000 ---p 00000000 00:00 0 
7f27f2538000-7f27f2d38000 rw-p 00000000 00:00 0 
7f27f2dfe000-7f27f2e07000 r-xp 00000000 08:01 4984180                    /lib/x86_64-linux-gnu/libwrap.so.0.7.6
7f27f2e07000-7f27f3006000 ---p 00009000 08:01 4984180                    /lib/x86_64-linux-gnu/libwrap.so.0.7.6
7f27f3006000-7f27f3007000 r--p 00008000 08:01 4984180                    /lib/x86_64-linux-gnu/libwrap.so.0.7.6
7f27f3007000-7f27f3008000 rw-p 00009000 08:01 4984180                    /lib/x86_64-linux-gnu/libwrap.so.0.7.6
7f27f3008000-7f27f3009000 rw-p 00000000 00:00 0 
7f27f3009000-7f27f3010000 r-xp 00000000 08:01 5776223                    /usr/lib/x86_64-linux-gnu/libSM.so.6.0.1
7f27f3010000-7f27f320f000 ---p 00007000 08:01 5776223                    /usr/lib/x86_64-linux-gnu/libSM.so.6.0.1
7f27f320f000-7f27f3210000 rw-p 00006000 08:01 5776223                    /usr/lib/x86_64-linux-gnu/libSM.so.6.0.1
7f27f3210000-7f27f3227000 r-xp 00000000 08:01 5776221                    /usr/lib/x86_64-linux-gnu/libICE.so.6.3.0
7f27f3227000-7f27f3426000 ---p 00017000 08:01 5776221                    /usr/lib/x86_64-linux-gnu/libICE.so.6.3.0
7f27f3426000-7f27f3428000 rw-p 00016000 08:01 5776221                    /usr/lib/x86_64-linux-gnu/libICE.so.6.3.0
7f27f3428000-7f27f342b000 rw-p 00000000 00:00 0 
7f27f342b000-7f27f342c000 r-xp 00000000 08:01 5774337                    /usr/lib/x86_64-linux-gnu/libX11-xcb.so.1.0.0
7f27f342c000-7f27f362b000 ---p 00001000 08:01 5774337                    /usr/lib/x86_64-linux-gnu/libX11-xcb.so.1.0.0
7f27f362b000-7f27f362c000 rw-p 00000000 08:01 5774337                    /usr/lib/x86_64-linux-gnu/libX11-xcb.so.1.0.0
7f27f362c000-7f27f3630000 r-xp 00000000 08:01 4984162                    /lib/x86_64-linux-gnu/libcap.so.2.22
7f27f3630000-7f27f382f000 ---p 00004000 08:01 4984162                    /lib/x86_64-linux-gnu/libcap.so.2.22
7f27f382f000-7f27f3830000 rw-p 00003000 08:01 4984162                    /lib/x86_64-linux-gnu/libcap.so.2.22
7f27f3830000-7f27f3891000 r-xp 00000000 08:01 5777729                    /usr/lib/x86_64-linux-gnu/pulseaudio/libpulsecommon-2.0.so
7f27f3891000-7f27f3a90000 ---p 00061000 08:01 5777729                    /usr/lib/x86_64-linux-gnu/pulseaudio/libpulsecommon-2.0.so
7f27f3a90000-7f27f3a91000 r--p 00060000 08:01 5777729                    /usr/lib/x86_64-linux-gnu/pulseaudio/libpulsecommon-2.0.so
7f27f3a91000-7f27f3a93000 rw-p 00061000 08:01 5777729                    /usr/lib/x86_64-linux-gnu/pulseaudio/libpulsecommon-2.0.so
7f27f3a93000-7f27f3a9c000 r-xp 00000000 08:01 4984228                    /lib/x86_64-linux-gnu/libjson.so.0.1.0
7f27f3a9c000-7f27f3c9b000 ---p 00009000 08:01 4984228                    /lib/x86_64-linux-gnu/libjson.so.0.1.0
7f27f3c9b000-7f27f3c9c000 r--p 00008000 08:01 4984228                    /lib/x86_64-linux-gnu/libjson.so.0.1.0
7f27f3c9c000-7f27f3c9d000 rw-p 00009000 08:01 4984228                    /lib/x86_64-linux-gnu/libjson.so.0.1.0
7f27f3c9d000-7f27f3ce6000 r-xp 00000000 08:01 5777726                    /usr/lib/x86_64-linux-gnu/libpulse.so.0.14.2
7f27f3ce6000-7f27f3ee5000 ---p 00049000 08:01 5777726                    /usr/lib/x86_64-linux-gnu/libpulse.so.0.14.2
7f27f3ee5000-7f27f3ee6000 r--p 00048000 08:01 5777726                    /usr/lib/x86_64-linux-gnu/libpulse.so.0.14.2
7f27f3ee6000-7f27f3ee7000 rw-p 00049000 08:01 5777726                    /usr/lib/x86_64-linux-gnu/libpulse.so.0.14.2
7f27f3fe8000-7f27f3feb000 ---p 00000000 00:00 0 
7f27f3feb000-7f27f40e9000 rw-p 00000000 00:00 0 
7f27f40e9000-7f27f41d5000 r-xp 00000000 08:01 5775672                    /usr/lib/x86_64-linux-gnu/libasound.so.2.0.0
7f27f41d5000-7f27f43d5000 ---p 000ec000 08:01 5775672                    /usr/lib/x86_64-linux-gnu/libasound.so.2.0.0
7f27f43d5000-7f27f43db000 r--p 000ec000 08:01 5775672                    /usr/lib/x86_64-linux-gnu/libasound.so.2.0.0
7f27f43db000-7f27f43dd000 rw-p 000f2000 08:01 5775672                    /usr/lib/x86_64-linux-gnu/libasound.so.2.0.0
7f27f43ee000-7f27f43f8000 r--p 00000000 08:01 5784910                    /usr/share/locale/fr/LC_MESSAGES/pulseaudio.mo
7f27f43f8000-7f27f4407000 r-xp 00000000 08:01 5916901                    /usr/lib/jvm/java-7-oracle/jre/lib/amd64/libjsoundalsa.so
7f27f4407000-7f27f4606000 ---p 0000f000 08:01 5916901                    /usr/lib/jvm/java-7-oracle/jre/lib/amd64/libjsoundalsa.so
7f27f4606000-7f27f4607000 rw-p 0000e000 08:01 5916901                    /usr/lib/jvm/java-7-oracle/jre/lib/amd64/libjsoundalsa.so
7f27f4607000-7f27f4608000 r-xp 00000000 08:01 5916943                    /usr/lib/jvm/java-7-oracle/jre/lib/amd64/libjsound.so
7f27f4608000-7f27f4807000 ---p 00001000 08:01 5916943                    /usr/lib/jvm/java-7-oracle/jre/lib/amd64/libjsound.so
7f27f4807000-7f27f4808000 rw-p 00000000 08:01 5916943                    /usr/lib/jvm/java-7-oracle/jre/lib/amd64/libjsound.so
7f27f4808000-7f27f4812000 r--s 00250000 08:01 5917213                    /usr/lib/jvm/java-7-oracle/jre/lib/resources.jar
7f27f4812000-7f27f4815000 ---p 00000000 00:00 0 
7f27f4815000-7f27f4913000 rw-p 00000000 00:00 0 
7f27f4913000-7f27f4923000 r-xp 00000000 08:01 5916959                    /usr/lib/jvm/java-7-oracle/jre/lib/amd64/libnio.so
7f27f4923000-7f27f4b23000 ---p 00010000 08:01 5916959                    /usr/lib/jvm/java-7-oracle/jre/lib/amd64/libnio.so
7f27f4b23000-7f27f4b24000 rw-p 00010000 08:01 5916959                    /usr/lib/jvm/java-7-oracle/jre/lib/amd64/libnio.so
7f27f4b24000-7f27f4b3a000 r-xp 00000000 08:01 5916975                    /usr/lib/jvm/java-7-oracle/jre/lib/amd64/libnet.so
7f27f4b3a000-7f27f4d3a000 ---p 00016000 08:01 5916975                    /usr/lib/jvm/java-7-oracle/jre/lib/amd64/libnet.so
7f27f4d3a000-7f27f4d3b000 rw-p 00016000 08:01 5916975                    /usr/lib/jvm/java-7-oracle/jre/lib/amd64/libnet.so
7f27f4d3b000-7f27f4d3c000 r--p 00000000 00:00 0 
7f27f4d3c000-7f27f651b000 r--p 00000000 08:01 6029910                    /usr/share/icons/hicolor/icon-theme.cache
7f27f651b000-7f27fa780000 r--p 00000000 08:01 6033999                    /usr/share/icons/gnome/icon-theme.cache
7f27fa780000-7f27fa865000 r--p 00000000 08:01 6430109                    /usr/share/icons/HighContrastInverse/icon-theme.cache
7f27fa865000-7f27fa875000 r-xp 00000000 08:01 5905511                    /usr/lib/x86_64-linux-gnu/gio/modules/libgioremote-volume-monitor.so
7f27fa875000-7f27faa75000 ---p 00010000 08:01 5905511                    /usr/lib/x86_64-linux-gnu/gio/modules/libgioremote-volume-monitor.so
7f27faa75000-7f27faa76000 r--p 00010000 08:01 5905511                    /usr/lib/x86_64-linux-gnu/gio/modules/libgioremote-volume-monitor.so
7f27faa76000-7f27faa77000 rw-p 00011000 08:01 5905511                    /usr/lib/x86_64-linux-gnu/gio/modules/libgioremote-volume-monitor.so
7f27faa77000-7f27faaa5000 r-xp 00000000 08:01 5779765                    /usr/lib/x86_64-linux-gnu/libbluray.so.1.1.0
7f27faaa5000-7f27faca5000 ---p 0002e000 08:01 5779765                    /usr/lib/x86_64-linux-gnu/libbluray.so.1.1.0
7f27faca5000-7f27faca6000 r--p 0002e000 08:01 5779765                    /usr/lib/x86_64-linux-gnu/libbluray.so.1.1.0
7f27faca6000-7f27faca7000 rw-p 0002f000 08:01 5779765                    /usr/lib/x86_64-linux-gnu/libbluray.so.1.1.0
7f27faca7000-7f27faca9000 r-xp 00000000 08:01 4980756                    /lib/x86_64-linux-gnu/libutil-2.13.so
7f27faca9000-7f27faea8000 ---p 00002000 08:01 4980756                    /lib/x86_64-linux-gnu/libutil-2.13.so
7f27faea8000-7f27faea9000 r--p 00001000 08:01 4980756                    /lib/x86_64-linux-gnu/libutil-2.13.so
7f27faea9000-7f27faeaa000 rw-p 00002000 08:01 4980756                    /lib/x86_64-linux-gnu/libutil-2.13.so
7f27faeaa000-7f27faeb7000 r-xp 00000000 08:01 4981064                    /lib/x86_64-linux-gnu/libudev.so.0.13.0
7f27faeb7000-7f27fb0b7000 ---p 0000d000 08:01 4981064                    /lib/x86_64-linux-gnu/libudev.so.0.13.0
7f27fb0b7000-7f27fb0b8000 r--p 0000d000 08:01 4981064                    /lib/x86_64-linux-gnu/libudev.so.0.13.0
7f27fb0b8000-7f27fb0b9000 rw-p 0000e000 08:01 4981064                    /lib/x86_64-linux-gnu/libudev.so.0.13.0
7f27fb0b9000-7f27fb0fd000 r-xp 00000000 08:01 4981211                    /lib/x86_64-linux-gnu/libdbus-1.so.3.7.2
7f27fb0fd000-7f27fb2fd000 ---p 00044000 08:01 4981211                    /lib/x86_64-linux-gnu/libdbus-1.so.3.7.2
7f27fb2fd000-7f27fb2fe000 r--p 00044000 08:01 4981211                    /lib/x86_64-linux-gnu/libdbus-1.so.3.7.2
7f27fb2fe000-7f27fb2ff000 rw-p 00045000 08:01 4981211                    /lib/x86_64-linux-gnu/libdbus-1.so.3.7.2
7f27fb2ff000-7f27fb317000 r-xp 00000000 08:01 6173250                    /usr/lib/x86_64-linux-gnu/gvfs/libgvfscommon.so
7f27fb317000-7f27fb516000 ---p 00018000 08:01 6173250                    /usr/lib/x86_64-linux-gnu/gvfs/libgvfscommon.so
7f27fb516000-7f27fb517000 r--p 00017000 08:01 6173250                    /usr/lib/x86_64-linux-gnu/gvfs/libgvfscommon.so
7f27fb517000-7f27fb518000 rw-p 00018000 08:01 6173250                    /usr/lib/x86_64-linux-gnu/gvfs/libgvfscommon.so
7f27fb518000-7f27fb541000 r-xp 00000000 08:01 5905510                    /usr/lib/x86_64-linux-gnu/gio/modules/libgvfsdbus.so
7f27fb541000-7f27fb741000 ---p 00029000 08:01 5905510                    /usr/lib/x86_64-linux-gnu/gio/modules/libgvfsdbus.so
7f27fb741000-7f27fb742000 r--p 00029000 08:01 5905510                    /usr/lib/x86_64-linux-gnu/gio/modules/libgvfsdbus.so
7f27fb742000-7f27fb743000 rw-p 0002a000 08:01 5905510                    /usr/lib/x86_64-linux-gnu/gio/modules/libgvfsdbus.so
7f27fb743000-7f27fb7a3000 rw-s 00000000 00:04 1064435743                 /SYSV00000000 (deleted)
7f27fb7a3000-7f27fb7ae000 r-xp 00000000 08:01 3815346                    /home/freeman/.swt/lib/linux/x86_64/libswt-atk-gtk-4332.so
7f27fb7ae000-7f27fb9ae000 ---p 0000b000 08:01 3815346                    /home/freeman/.swt/lib/linux/x86_64/libswt-atk-gtk-4332.so
7f27fb9ae000-7f27fb9af000 rw-p 0000b000 08:01 3815346                    /home/freeman/.swt/lib/linux/x86_64/libswt-atk-gtk-4332.so
7f27fb9af000-7f27fb9b0000 r-xp 00000000 08:01 5776569                    /usr/lib/x86_64-linux-gnu/gtk-2.0/2.10.0/immodules/im-cedilla.so
7f27fb9b0000-7f27fbbb0000 ---p 00001000 08:01 5776569                    /usr/lib/x86_64-linux-gnu/gtk-2.0/2.10.0/immodules/im-cedilla.so
7f27fbbb0000-7f27fbbb1000 rw-p 00001000 08:01 5776569                    /usr/lib/x86_64-linux-gnu/gtk-2.0/2.10.0/immodules/im-cedilla.so
7f27fbbb1000-7f27fbc11000 rw-s 00000000 00:04 1064402973                 /SYSV00000000 (deleted)
7f27fbc11000-7f27fbc16000 r-xp 00000000 08:01 6031363                    /usr/lib/x86_64-linux-gnu/gdk-pixbuf-2.0/2.10.0/loaders/libpixbufloader-png.so
7f27fbc16000-7f27fbe15000 ---p 00005000 08:01 6031363                    /usr/lib/x86_64-linux-gnu/gdk-pixbuf-2.0/2.10.0/loaders/libpixbufloader-png.so
7f27fbe15000-7f27fbe16000 r--p 00004000 08:01 6031363                    /usr/lib/x86_64-linux-gnu/gdk-pixbuf-2.0/2.10.0/loaders/libpixbufloader-png.so
7f27fbe16000-7f27fbe17000 rw-p 00005000 08:01 6031363                    /usr/lib/x86_64-linux-gnu/gdk-pixbuf-2.0/2.10.0/loaders/libpixbufloader-png.so
7f27fbe17000-7f27fbe24000 r-xp 00000000 08:01 3815305                    /home/freeman/.swt/lib/linux/x86_64/libswt-cairo-gtk-4332.so
7f27fbe24000-7f27fc023000 ---p 0000d000 08:01 3815305                    /home/freeman/.swt/lib/linux/x86_64/libswt-cairo-gtk-4332.so
7f27fc023000-7f27fc024000 rw-p 0000c000 08:01 3815305                    /home/freeman/.swt/lib/linux/x86_64/libswt-cairo-gtk-4332.so
7f27fc024000-7f27fc026000 r-xp 00000000 08:01 6031420                    /usr/lib/x86_64-linux-gnu/pango/1.6.0/modules/pango-basic-fc.so
7f27fc026000-7f27fc225000 ---p 00002000 08:01 6031420                    /usr/lib/x86_64-linux-gnu/pango/1.6.0/modules/pango-basic-fc.so
7f27fc225000-7f27fc226000 r--p 00001000 08:01 6031420                    /usr/lib/x86_64-linux-gnu/pango/1.6.0/modules/pango-basic-fc.so
7f27fc226000-7f27fc227000 rw-p 00002000 08:01 6031420                    /usr/lib/x86_64-linux-gnu/pango/1.6.0/modules/pango-basic-fc.so
7f27fc227000-7f27fc230000 r-xp 00000000 08:01 6563166                    /usr/lib/gtk-2.0/2.10.0/engines/libxfce.so
7f27fc230000-7f27fc430000 ---p 00009000 08:01 6563166                    /usr/lib/gtk-2.0/2.10.0/engines/libxfce.so
7f27fc430000-7f27fc431000 r--p 00009000 08:01 6563166                    /usr/lib/gtk-2.0/2.10.0/engines/libxfce.so
7f27fc431000-7f27fc432000 rw-p 0000a000 08:01 6563166                    /usr/lib/gtk-2.0/2.10.0/engines/libxfce.so
7f27fc432000-7f27fc437000 r-xp 00000000 08:01 5774330                    /usr/lib/x86_64-linux-gnu/libXdmcp.so.6.0.0
7f27fc437000-7f27fc636000 ---p 00005000 08:01 5774330                    /usr/lib/x86_64-linux-gnu/libXdmcp.so.6.0.0
7f27fc636000-7f27fc637000 rw-p 00004000 08:01 5774330                    /usr/lib/x86_64-linux-gnu/libXdmcp.so.6.0.0
7f27fc637000-7f27fc639000 r-xp 00000000 08:01 5774328                    /usr/lib/x86_64-linux-gnu/libXau.so.6.0.0
7f27fc639000-7f27fc839000 ---p 00002000 08:01 5774328                    /usr/lib/x86_64-linux-gnu/libXau.so.6.0.0
7f27fc839000-7f27fc83a000 rw-p 00002000 08:01 5774328                    /usr/lib/x86_64-linux-gnu/libXau.so.6.0.0
7f27fc83a000-7f27fc876000 r-xp 00000000 08:01 4984176                    /lib/x86_64-linux-gnu/libpcre.so.3.13.1
7f27fc876000-7f27fca76000 ---p 0003c000 08:01 4984176                    /lib/x86_64-linux-gnu/libpcre.so.3.13.1
7f27fca76000-7f27fca77000 rw-p 0003c000 08:01 4984176                    /lib/x86_64-linux-gnu/libpcre.so.3.13.1
7f27fca77000-7f27fca83000 r-xp 00000000 08:01 5774116                    /usr/lib/x86_64-linux-gnu/libffi.so.5.0.10
7f27fca83000-7f27fcc83000 ---p 0000c000 08:01 5774116                    /usr/lib/x86_64-linux-gnu/libffi.so.5.0.10
7f27fcc83000-7f27fcc84000 rw-p 0000c000 08:01 5774116                    /usr/lib/x86_64-linux-gnu/libffi.so.5.0.10
7f27fcc84000-7f27fccab000 r-xp 00000000 08:01 4981225                    /lib/x86_64-linux-gnu/libexpat.so.1.6.0
7f27fccab000-7f27fceab000 ---p 00027000 08:01 4981225                    /lib/x86_64-linux-gnu/libexpat.so.1.6.0
7f27fceab000-7f27fcead000 r--p 00027000 08:01 4981225                    /lib/x86_64-linux-gnu/libexpat.so.1.6.0
7f27fcead000-7f27fceae000 rw-p 00029000 08:01 4981225                    /lib/x86_64-linux-gnu/libexpat.so.1.6.0
7f27fceae000-7f27fcec1000 r-xp 00000000 08:01 4980771                    /lib/x86_64-linux-gnu/libresolv-2.13.so
7f27fcec1000-7f27fd0c0000 ---p 00013000 08:01 4980771                    /lib/x86_64-linux-gnu/libresolv-2.13.so
7f27fd0c0000-7f27fd0c1000 r--p 00012000 08:01 4980771                    /lib/x86_64-linux-gnu/libresolv-2.13.so
7f27fd0c1000-7f27fd0c2000 rw-p 00013000 08:01 4980771                    /lib/x86_64-linux-gnu/libresolv-2.13.so
7f27fd0c2000-7f27fd0c4000 rw-p 00000000 00:00 0 
7f27fd0c4000-7f27fd0e2000 r-xp 00000000 08:01 4980780                    /lib/x86_64-linux-gnu/libselinux.so.1
7f27fd0e2000-7f27fd2e1000 ---p 0001e000 08:01 4980780                    /lib/x86_64-linux-gnu/libselinux.so.1
7f27fd2e1000-7f27fd2e2000 r--p 0001d000 08:01 4980780                    /lib/x86_64-linux-gnu/libselinux.so.1
7f27fd2e2000-7f27fd2e3000 rw-p 0001e000 08:01 4980780                    /lib/x86_64-linux-gnu/libselinux.so.1
7f27fd2e3000-7f27fd2e4000 rw-p 00000000 00:00 0 
7f27fd2e4000-7f27fd2fa000 r-xp 00000000 08:01 4982219                    /lib/x86_64-linux-gnu/libz.so.1.2.7
7f27fd2fa000-7f27fd4f9000 ---p 00016000 08:01 4982219                    /lib/x86_64-linux-gnu/libz.so.1.2.7
7f27fd4f9000-7f27fd4fa000 r--p 00015000 08:01 4982219                    /lib/x86_64-linux-gnu/libz.so.1.2.7
7f27fd4fa000-7f27fd4fb000 rw-p 00016000 08:01 4982219                    /lib/x86_64-linux-gnu/libz.so.1.2.7
7f27fd4fb000-7f27fd503000 r-xp 00000000 08:01 5778059                    /usr/lib/x86_64-linux-gnu/libxcb-render.so.0.0.0
7f27fd503000-7f27fd703000 ---p 00008000 08:01 5778059                    /usr/lib/x86_64-linux-gnu/libxcb-render.so.0.0.0
7f27fd703000-7f27fd704000 r--p 00008000 08:01 5778059                    /usr/lib/x86_64-linux-gnu/libxcb-render.so.0.0.0
7f27fd704000-7f27fd705000 rw-p 00009000 08:01 5778059                    /usr/lib/x86_64-linux-gnu/libxcb-render.so.0.0.0
7f27fd705000-7f27fd707000 r-xp 00000000 08:01 5778062                    /usr/lib/x86_64-linux-gnu/libxcb-shm.so.0.0.0
7f27fd707000-7f27fd906000 ---p 00002000 08:01 5778062                    /usr/lib/x86_64-linux-gnu/libxcb-shm.so.0.0.0
7f27fd906000-7f27fd907000 r--p 00001000 08:01 5778062                    /usr/lib/x86_64-linux-gnu/libxcb-shm.so.0.0.0
7f27fd907000-7f27fd908000 rw-p 00002000 08:01 5778062                    /usr/lib/x86_64-linux-gnu/libxcb-shm.so.0.0.0
7f27fd908000-7f27fd92e000 r-xp 00000000 08:01 4984184                    /lib/x86_64-linux-gnu/libpng12.so.0.49.0
7f27fd92e000-7f27fdb2d000 ---p 00026000 08:01 4984184                    /lib/x86_64-linux-gnu/libpng12.so.0.49.0
7f27fdb2d000-7f27fdb2e000 r--p 00025000 08:01 4984184                    /lib/x86_64-linux-gnu/libpng12.so.0.49.0
7f27fdb2e000-7f27fdb2f000 rw-p 00026000 08:01 4984184                    /lib/x86_64-linux-gnu/libpng12.so.0.49.0
7f27fdb2f000-7f27fdbaf000 r-xp 00000000 08:01 5772315                    /usr/lib/x86_64-linux-gnu/libpixman-1.so.0.26.0
7f27fdbaf000-7f27fddaf000 ---p 00080000 08:01 5772315                    /usr/lib/x86_64-linux-gnu/libpixman-1.so.0.26.0
7f27fddaf000-7f27fddb5000 rw-p 00080000 08:01 5772315                    /usr/lib/x86_64-linux-gnu/libpixman-1.so.0.26.0
7f27fddb5000-7f27fddd4000 r-xp 00000000 08:01 5774334                    /usr/lib/x86_64-linux-gnu/libxcb.so.1.1.0
7f27fddd4000-7f27fdfd3000 ---p 0001f000 08:01 5774334                    /usr/lib/x86_64-linux-gnu/libxcb.so.1.1.0
7f27fdfd3000-7f27fdfd4000 r--p 0001e000 08:01 5774334                    /usr/lib/x86_64-linux-gnu/libxcb.so.1.1.0
7f27fdfd4000-7f27fdfd5000 rw-p 0001f000 08:01 5774334                    /usr/lib/x86_64-linux-gnu/libxcb.so.1.1.0
7f27fdfd5000-7f27fdfd8000 r-xp 00000000 08:01 5774120                    /usr/lib/x86_64-linux-gnu/libgmodule-2.0.so.0.3200.4
7f27fdfd8000-7f27fe1d7000 ---p 00003000 08:01 5774120                    /usr/lib/x86_64-linux-gnu/libgmodule-2.0.so.0.3200.4
7f27fe1d7000-7f27fe1d8000 r--p 00002000 08:01 5774120                    /usr/lib/x86_64-linux-gnu/libgmodule-2.0.so.0.3200.4
7f27fe1d8000-7f27fe1d9000 rw-p 00003000 08:01 5774120                    /usr/lib/x86_64-linux-gnu/libgmodule-2.0.so.0.3200.4
7f27fe1d9000-7f27fe1e3000 r-xp 00000000 08:01 5774498                    /usr/lib/x86_64-linux-gnu/libXcursor.so.1.0.2
7f27fe1e3000-7f27fe3e2000 ---p 0000a000 08:01 5774498                    /usr/lib/x86_64-linux-gnu/libXcursor.so.1.0.2
7f27fe3e2000-7f27fe3e3000 rw-p 00009000 08:01 5774498                    /usr/lib/x86_64-linux-gnu/libXcursor.so.1.0.2
7f27fe3e3000-7f27fe3ea000 r-xp 00000000 08:01 5775260                    /usr/lib/x86_64-linux-gnu/libXrandr.so.2.2.0
7f27fe3ea000-7f27fe5ea000 ---p 00007000 08:01 5775260                    /usr/lib/x86_64-linux-gnu/libXrandr.so.2.2.0
7f27fe5ea000-7f27fe5eb000 rw-p 00007000 08:01 5775260                    /usr/lib/x86_64-linux-gnu/libXrandr.so.2.2.0
7f27fe5eb000-7f27fe5ed000 r-xp 00000000 08:01 5775258                    /usr/lib/x86_64-linux-gnu/libXinerama.so.1.0.0
7f27fe5ed000-7f27fe7ec000 ---p 00002000 08:01 5775258                    /usr/lib/x86_64-linux-gnu/libXinerama.so.1.0.0
7f27fe7ec000-7f27fe7ed000 rw-p 00001000 08:01 5775258                    /usr/lib/x86_64-linux-gnu/libXinerama.so.1.0.0
7f27fe7ed000-7f27fe7f6000 r-xp 00000000 08:01 5778067                    /usr/lib/x86_64-linux-gnu/libXrender.so.1.3.0
7f27fe7f6000-7f27fe9f5000 ---p 00009000 08:01 5778067                    /usr/lib/x86_64-linux-gnu/libXrender.so.1.3.0
7f27fe9f5000-7f27fe9f6000 rw-p 00008000 08:01 5778067                    /usr/lib/x86_64-linux-gnu/libXrender.so.1.3.0
7f27fe9f6000-7f27fea04000 r-xp 00000000 08:01 5775256                    /usr/lib/x86_64-linux-gnu/libXi.so.6.1.0
7f27fea04000-7f27fec04000 ---p 0000e000 08:01 5775256                    /usr/lib/x86_64-linux-gnu/libXi.so.6.1.0
7f27fec04000-7f27fec05000 rw-p 0000e000 08:01 5775256                    /usr/lib/x86_64-linux-gnu/libXi.so.6.1.0
7f27fec05000-7f27fec16000 r-xp 00000000 08:01 5775107                    /usr/lib/x86_64-linux-gnu/libXext.so.6.4.0
7f27fec16000-7f27fee16000 ---p 00011000 08:01 5775107                    /usr/lib/x86_64-linux-gnu/libXext.so.6.4.0
7f27fee16000-7f27fee17000 rw-p 00011000 08:01 5775107                    /usr/lib/x86_64-linux-gnu/libXext.so.6.4.0
7f27fee17000-7f27fef0c000 r-xp 00000000 08:01 4984182                    /lib/x86_64-linux-gnu/libglib-2.0.so.0.3200.4
7f27fef0c000-7f27ff10c000 ---p 000f5000 08:01 4984182                    /lib/x86_64-linux-gnu/libglib-2.0.so.0.3200.4
7f27ff10c000-7f27ff10d000 r--p 000f5000 08:01 4984182                    /lib/x86_64-linux-gnu/libglib-2.0.so.0.3200.4
7f27ff10d000-7f27ff10e000 rw-p 000f6000 08:01 4984182                    /lib/x86_64-linux-gnu/libglib-2.0.so.0.3200.4
7f27ff10e000-7f27ff10f000 rw-p 00000000 00:00 0 
7f27ff10f000-7f27ff15d000 r-xp 00000000 08:01 5774118                    /usr/lib/x86_64-linux-gnu/libgobject-2.0.so.0.3200.4
7f27ff15d000-7f27ff35d000 ---p 0004e000 08:01 5774118                    /usr/lib/x86_64-linux-gnu/libgobject-2.0.so.0.3200.4
7f27ff35d000-7f27ff35e000 r--p 0004e000 08:01 5774118                    /usr/lib/x86_64-linux-gnu/libgobject-2.0.so.0.3200.4
7f27ff35e000-7f27ff35f000 rw-p 0004f000 08:01 5774118                    /usr/lib/x86_64-linux-gnu/libgobject-2.0.so.0.3200.4
7f27ff35f000-7f27ff394000 r-xp 00000000 08:01 5774323                    /usr/lib/x86_64-linux-gnu/libfontconfig.so.1.5.0
7f27ff394000-7f27ff594000 ---p 00035000 08:01 5774323                    /usr/lib/x86_64-linux-gnu/libfontconfig.so.1.5.0
7f27ff594000-7f27ff595000 r--p 00035000 08:01 5774323                    /usr/lib/x86_64-linux-gnu/libfontconfig.so.1.5.0
7f27ff595000-7f27ff596000 rw-p 00036000 08:01 5774323                    /usr/lib/x86_64-linux-gnu/libfontconfig.so.1.5.0
7f27ff596000-7f27ff62f000 r-xp 00000000 08:01 5774310                    /usr/lib/x86_64-linux-gnu/libfreetype.so.6.8.1
7f27ff62f000-7f27ff82e000 ---p 00099000 08:01 5774310                    /usr/lib/x86_64-linux-gnu/libfreetype.so.6.8.1
7f27ff82e000-7f27ff834000 r--p 00098000 08:01 5774310                    /usr/lib/x86_64-linux-gnu/libfreetype.so.6.8.1
7f27ff834000-7f27ff835000 rw-p 0009e000 08:01 5774310                    /usr/lib/x86_64-linux-gnu/libfreetype.so.6.8.1
7f27ff835000-7f27ff87f000 r-xp 00000000 08:01 5774909                    /usr/lib/x86_64-linux-gnu/libpango-1.0.so.0.3000.0
7f27ff87f000-7f27ffa7f000 ---p 0004a000 08:01 5774909                    /usr/lib/x86_64-linux-gnu/libpango-1.0.so.0.3000.0
7f27ffa7f000-7f27ffa81000 r--p 0004a000 08:01 5774909                    /usr/lib/x86_64-linux-gnu/libpango-1.0.so.0.3000.0
7f27ffa81000-7f27ffa82000 rw-p 0004c000 08:01 5774909                    /usr/lib/x86_64-linux-gnu/libpango-1.0.so.0.3000.0
7f27ffa82000-7f27ffaac000 r-xp 00000000 08:01 5774914                    /usr/lib/x86_64-linux-gnu/libpangoft2-1.0.so.0.3000.0
7f27ffaac000-7f27ffcab000 ---p 0002a000 08:01 5774914                    /usr/lib/x86_64-linux-gnu/libpangoft2-1.0.so.0.3000.0
7f27ffcab000-7f27ffcac000 r--p 00029000 08:01 5774914                    /usr/lib/x86_64-linux-gnu/libpangoft2-1.0.so.0.3000.0
7f27ffcac000-7f27ffcad000 rw-p 0002a000 08:01 5774914                    /usr/lib/x86_64-linux-gnu/libpangoft2-1.0.so.0.3000.0
7f27ffcad000-7f27ffdf9000 r-xp 00000000 08:01 5774121                    /usr/lib/x86_64-linux-gnu/libgio-2.0.so.0.3200.4
7f27ffdf9000-7f27ffff8000 ---p 0014c000 08:01 5774121                    /usr/lib/x86_64-linux-gnu/libgio-2.0.so.0.3200.4
7f27ffff8000-7f27ffffc000 r--p 0014b000 08:01 5774121                    /usr/lib/x86_64-linux-gnu/libgio-2.0.so.0.3200.4
7f27ffffc000-7f27ffffe000 rw-p 0014f000 08:01 5774121                    /usr/lib/x86_64-linux-gnu/libgio-2.0.so.0.3200.4
7f27ffffe000-7f2800000000 rw-p 00000000 00:00 0 
7f2800000000-7f280060b000 rw-p 00000000 00:00 0 
7f280060b000-7f2804000000 ---p 00000000 00:00 0 
7f2804006000-7f2804009000 r--s 00017000 08:01 4325712                    /home/freeman/git/Mp3Renamer/ressources/lib/jl1.0.1.jar
7f2804009000-7f2804018000 r--p 00000000 08:01 5918211                    /usr/share/fonts/truetype/ttf-bitstream-vera/VeraBd.ttf
7f2804018000-7f280401b000 r--p 00000000 08:01 5774991                    /usr/share/locale/fr/LC_MESSAGES/atk10.mo
7f280401b000-7f2804021000 r--p 00000000 08:01 5774871                    /usr/share/locale/fr/LC_MESSAGES/gdk-pixbuf.mo
7f2804021000-7f2804040000 r--s 00000000 08:01 6029724                    /usr/share/mime/mime.cache
7f2804040000-7f280404d000 r--p 00000000 08:01 5918212                    /usr/share/fonts/truetype/ttf-bitstream-vera/VeraMono.ttf
7f280404d000-7f280405e000 r--p 00000000 08:01 5918214                    /usr/share/fonts/truetype/ttf-bitstream-vera/Vera.ttf
7f280405e000-7f280405f000 r--s 00000000 08:01 2233151                    /var/cache/fontconfig/c05880de57d1f5e948fdfacc138775d9-le64.cache-3
7f280405f000-7f2804068000 r--s 00000000 08:01 2233150                    /var/cache/fontconfig/945677eb7aeaf62f1d50efc3fb3ec7d8-le64.cache-3
7f2804068000-7f2804069000 r--s 00000000 08:01 2230570                    /var/cache/fontconfig/617957603a337376ca8784972c6029f5-le64.cache-3
7f2804069000-7f280406e000 r--s 00000000 08:01 2233148                    /var/cache/fontconfig/6eb3985aa4124903f6ff08ba781cd364-le64.cache-3
7f280406e000-7f2804077000 r--s 00000000 08:01 2233147                    /var/cache/fontconfig/6d41288fd70b0be22e8c3a91e032eec0-le64.cache-3
7f2804077000-7f280407a000 r--s 00000000 08:01 2229006                    /var/cache/fontconfig/de156ccd2eddbdc19d37a45b8b2aac9c-le64.cache-3
7f280407a000-7f280407b000 r--s 00000000 08:01 2231810                    /var/cache/fontconfig/4794a0821666d79190d59a36cb4f44b5-le64.cache-3
7f280407b000-7f280407e000 r--s 00000000 08:01 2233145                    /var/cache/fontconfig/c57959a16110560c8d0fcea73374aeeb-le64.cache-3
7f280407e000-7f2804083000 r--s 00000000 08:01 2233144                    /var/cache/fontconfig/3047814df9a2f067bd2d96a2b9c36e5a-le64.cache-3
7f2804083000-7f2804086000 r--s 00000000 08:01 2233143                    /var/cache/fontconfig/e49e89034d371f0f9de17aab02136486-le64.cache-3
7f2804086000-7f2804088000 r--s 00000000 08:01 2233142                    /var/cache/fontconfig/4b14b093aebc79c320de5e86ae1d3314-le64.cache-3
7f2804088000-7f2804099000 r--s 00000000 08:01 2233463                    /var/cache/fontconfig/d52a8644073d54c13679302ca1180695-le64.cache-3
7f2804099000-7f28040a0000 r--s 00000000 08:01 2233141                    /var/cache/fontconfig/3f7329c5293ffd510edef78f73874cfd-le64.cache-3
7f28040a0000-7f28040aa000 r--s 00000000 08:01 2233139                    /var/cache/fontconfig/83bf95040141907cd45bb53cf7c1c148-le64.cache-3
7f28040aa000-7f28040c4000 r--s 00000000 08:01 2231115                    /var/cache/fontconfig/e13b20fdb08344e0e664864cc2ede53d-le64.cache-3
7f28040c4000-7f28040ee000 r--p 00000000 08:01 5776427                    /usr/share/locale/fr/LC_MESSAGES/gtk20-properties.mo
7f28040ee000-7f2804111000 r--p 00000000 08:01 5773722                    /usr/share/locale/fr/LC_MESSAGES/libc.mo
7f2804111000-7f2804130000 r-xp 00000000 08:01 5774882                    /usr/lib/x86_64-linux-gnu/libgdk_pixbuf-2.0.so.0.2600.1
7f2804130000-7f280432f000 ---p 0001f000 08:01 5774882                    /usr/lib/x86_64-linux-gnu/libgdk_pixbuf-2.0.so.0.2600.1
7f280432f000-7f2804330000 r--p 0001e000 08:01 5774882                    /usr/lib/x86_64-linux-gnu/libgdk_pixbuf-2.0.so.0.2600.1
7f2804330000-7f2804331000 rw-p 0001f000 08:01 5774882                    /usr/lib/x86_64-linux-gnu/libgdk_pixbuf-2.0.so.0.2600.1
7f2804331000-7f2804425000 r-xp 00000000 08:01 5774499                    /usr/lib/x86_64-linux-gnu/libcairo.so.2.11200.2
7f2804425000-7f2804624000 ---p 000f4000 08:01 5774499                    /usr/lib/x86_64-linux-gnu/libcairo.so.2.11200.2
7f2804624000-7f2804627000 r--p 000f3000 08:01 5774499                    /usr/lib/x86_64-linux-gnu/libcairo.so.2.11200.2
7f2804627000-7f2804628000 rw-p 000f6000 08:01 5774499                    /usr/lib/x86_64-linux-gnu/libcairo.so.2.11200.2
7f2804628000-7f280462a000 rw-p 00000000 00:00 0 
7f280462a000-7f280464b000 r-xp 00000000 08:01 5775059                    /usr/lib/x86_64-linux-gnu/libatk-1.0.so.0.20409.1
7f280464b000-7f280484a000 ---p 00021000 08:01 5775059                    /usr/lib/x86_64-linux-gnu/libatk-1.0.so.0.20409.1
7f280484a000-7f280484c000 r--p 00020000 08:01 5775059                    /usr/lib/x86_64-linux-gnu/libatk-1.0.so.0.20409.1
7f280484c000-7f280484d000 rw-p 00022000 08:01 5775059                    /usr/lib/x86_64-linux-gnu/libatk-1.0.so.0.20409.1
7f280484d000-7f2804852000 r-xp 00000000 08:01 5775098                    /usr/lib/x86_64-linux-gnu/libXfixes.so.3.1.0
7f2804852000-7f2804a51000 ---p 00005000 08:01 5775098                    /usr/lib/x86_64-linux-gnu/libXfixes.so.3.1.0
7f2804a51000-7f2804a52000 r--p 00004000 08:01 5775098                    /usr/lib/x86_64-linux-gnu/libXfixes.so.3.1.0
7f2804a52000-7f2804a53000 rw-p 00005000 08:01 5775098                    /usr/lib/x86_64-linux-gnu/libXfixes.so.3.1.0
7f2804a53000-7f2804a55000 r-xp 00000000 08:01 5775095                    /usr/lib/x86_64-linux-gnu/libXdamage.so.1.1.0
7f2804a55000-7f2804c54000 ---p 00002000 08:01 5775095                    /usr/lib/x86_64-linux-gnu/libXdamage.so.1.1.0
7f2804c54000-7f2804c55000 rw-p 00001000 08:01 5775095                    /usr/lib/x86_64-linux-gnu/libXdamage.so.1.1.0
7f2804c55000-7f2804c57000 r-xp 00000000 08:01 5775091                    /usr/lib/x86_64-linux-gnu/libXcomposite.so.1.0.0
7f2804c57000-7f2804e56000 ---p 00002000 08:01 5775091                    /usr/lib/x86_64-linux-gnu/libXcomposite.so.1.0.0
7f2804e56000-7f2804e57000 rw-p 00001000 08:01 5775091                    /usr/lib/x86_64-linux-gnu/libXcomposite.so.1.0.0
7f2804e57000-7f2804f8c000 r-xp 00000000 08:01 5778035                    /usr/lib/x86_64-linux-gnu/libX11.so.6.3.0
7f2804f8c000-7f280518c000 ---p 00135000 08:01 5778035                    /usr/lib/x86_64-linux-gnu/libX11.so.6.3.0
7f280518c000-7f2805192000 rw-p 00135000 08:01 5778035                    /usr/lib/x86_64-linux-gnu/libX11.so.6.3.0
7f2805192000-7f280519e000 r-xp 00000000 08:01 5774911                    /usr/lib/x86_64-linux-gnu/libpangocairo-1.0.so.0.3000.0
7f280519e000-7f280539d000 ---p 0000c000 08:01 5774911                    /usr/lib/x86_64-linux-gnu/libpangocairo-1.0.so.0.3000.0
7f280539d000-7f280539e000 r--p 0000b000 08:01 5774911                    /usr/lib/x86_64-linux-gnu/libpangocairo-1.0.so.0.3000.0
7f280539e000-7f280539f000 rw-p 0000c000 08:01 5774911                    /usr/lib/x86_64-linux-gnu/libpangocairo-1.0.so.0.3000.0
7f280539f000-7f280544e000 r-xp 00000000 08:01 5776578                    /usr/lib/x86_64-linux-gnu/libgdk-x11-2.0.so.0.2400.10
7f280544e000-7f280564d000 ---p 000af000 08:01 5776578                    /usr/lib/x86_64-linux-gnu/libgdk-x11-2.0.so.0.2400.10
7f280564d000-7f2805652000 rw-p 000ae000 08:01 5776578                    /usr/lib/x86_64-linux-gnu/libgdk-x11-2.0.so.0.2400.10
7f2805652000-7f2805657000 r-xp 00000000 08:01 5776226                    /usr/lib/x86_64-linux-gnu/libXtst.so.6.1.0
7f2805657000-7f2805856000 ---p 00005000 08:01 5776226                    /usr/lib/x86_64-linux-gnu/libXtst.so.6.1.0
7f2805856000-7f2805857000 rw-p 00004000 08:01 5776226                    /usr/lib/x86_64-linux-gnu/libXtst.so.6.1.0
7f2805857000-7f2805858000 r-xp 00000000 08:01 5774119                    /usr/lib/x86_64-linux-gnu/libgthread-2.0.so.0.3200.4
7f2805858000-7f2805a57000 ---p 00001000 08:01 5774119                    /usr/lib/x86_64-linux-gnu/libgthread-2.0.so.0.3200.4
7f2805a57000-7f2805a58000 r--p 00000000 08:01 5774119                    /usr/lib/x86_64-linux-gnu/libgthread-2.0.so.0.3200.4
7f2805a58000-7f2805a59000 rw-p 00001000 08:01 5774119                    /usr/lib/x86_64-linux-gnu/libgthread-2.0.so.0.3200.4
7f2805a59000-7f2805e8b000 r-xp 00000000 08:01 5776558                    /usr/lib/x86_64-linux-gnu/libgtk-x11-2.0.so.0.2400.10
7f2805e8b000-7f280608b000 ---p 00432000 08:01 5776558                    /usr/lib/x86_64-linux-gnu/libgtk-x11-2.0.so.0.2400.10
7f280608b000-7f2806096000 rw-p 00432000 08:01 5776558                    /usr/lib/x86_64-linux-gnu/libgtk-x11-2.0.so.0.2400.10
7f2806096000-7f2806098000 rw-p 00000000 00:00 0 
7f280609a000-7f28060b3000 r--p 00000000 08:01 5779339                    /usr/share/locale/fr/LC_MESSAGES/glib20.mo
7f28060b3000-7f2806125000 r-xp 00000000 08:01 3815276                    /home/freeman/.swt/lib/linux/x86_64/libswt-pi-gtk-4332.so
7f2806125000-7f2806325000 ---p 00072000 08:01 3815276                    /home/freeman/.swt/lib/linux/x86_64/libswt-pi-gtk-4332.so
7f2806325000-7f2806327000 rw-p 00072000 08:01 3815276                    /home/freeman/.swt/lib/linux/x86_64/libswt-pi-gtk-4332.so
7f2806327000-7f280632a000 rw-p 00000000 00:00 0 
7f280632a000-7f28063a8000 r-xp 00000000 08:01 3810793                    /home/freeman/.swt/lib/linux/x86_64/libswt-gtk-4332.so
7f28063a8000-7f28065a7000 ---p 0007e000 08:01 3810793                    /home/freeman/.swt/lib/linux/x86_64/libswt-gtk-4332.so
7f28065a7000-7f28065af000 rw-p 0007d000 08:01 3810793                    /home/freeman/.swt/lib/linux/x86_64/libswt-gtk-4332.so
7f28065af000-7f28065b1000 rw-p 00000000 00:00 0 
7f28065b1000-7f28065c7000 r--s 001b5000 08:01 4325689                    /home/freeman/git/Mp3Renamer/ressources/lib/swt-4.3-gtk-linux-x86_64.jar
7f28065c7000-7f28065d5000 r--s 000c7000 08:01 4344910                    /home/freeman/git/Mp3Renamer/ressources/lib/jaudiotagger-2.0.4-20111207.115108-15.jar
7f28065d5000-7f28065d6000 ---p 00000000 00:00 0 
7f28065d6000-7f28066d6000 rw-p 00000000 00:00 0 
7f28066d6000-7f28066d9000 ---p 00000000 00:00 0 
7f28066d9000-7f28067d7000 rw-p 00000000 00:00 0 
7f28067d7000-7f28067da000 ---p 00000000 00:00 0 
7f28067da000-7f28068d8000 rw-p 00000000 00:00 0 
7f28068d8000-7f28068db000 ---p 00000000 00:00 0 
7f28068db000-7f28069d9000 rw-p 00000000 00:00 0 
7f28069d9000-7f28069dc000 ---p 00000000 00:00 0 
7f28069dc000-7f2806ada000 rw-p 00000000 00:00 0 
7f2806ada000-7f2806c51000 r--p 00000000 08:01 5773712                    /usr/lib/locale/locale-archive
7f2806c51000-7f2806c54000 ---p 00000000 00:00 0 
7f2806c54000-7f2806d52000 rw-p 00000000 00:00 0 
7f2806d52000-7f2806d55000 ---p 00000000 00:00 0 
7f2806d55000-7f2806e53000 rw-p 00000000 00:00 0 
7f2806e53000-7f2806e54000 ---p 00000000 00:00 0 
7f2806e54000-7f2807f53000 rw-p 00000000 00:00 0 
7f2807f53000-7f280810f000 r--s 039b2000 08:01 5912001                    /usr/lib/jvm/java-7-oracle/jre/lib/rt.jar
7f280810f000-7f280a47f000 rw-p 00000000 00:00 0 
7f280a47f000-7f280a480000 ---p 00000000 00:00 0 
7f280a480000-7f280a580000 rw-p 00000000 00:00 0 
7f280a580000-7f280a581000 ---p 00000000 00:00 0 
7f280a581000-7f280a681000 rw-p 00000000 00:00 0 
7f280a681000-7f280a682000 ---p 00000000 00:00 0 
7f280a682000-7f280a782000 rw-p 00000000 00:00 0 
7f280a782000-7f280a783000 ---p 00000000 00:00 0 
7f280a783000-7f280a88e000 rw-p 00000000 00:00 0 
7f280a88e000-7f280a8ac000 rw-p 00000000 00:00 0 
7f280a8ac000-7f280a8c0000 rw-p 00000000 00:00 0 
7f280a8c0000-7f280a9eb000 rw-p 00000000 00:00 0 
7f280a9eb000-7f280a9f6000 rw-p 00000000 00:00 0 
7f280a9f6000-7f280aa14000 rw-p 00000000 00:00 0 
7f280aa14000-7f280aa28000 rw-p 00000000 00:00 0 
7f280aa28000-7f280ab52000 rw-p 00000000 00:00 0 
7f280ab52000-7f280ab5d000 rw-p 00000000 00:00 0 
7f280ab5d000-7f280abf2000 rw-p 00000000 00:00 0 
7f280abf2000-7f280abf3000 rw-p 00000000 00:00 0 
7f280abf3000-7f280ae63000 rwxp 00000000 00:00 0 
7f280ae63000-7f280dbf3000 rw-p 00000000 00:00 0 
7f280dbf3000-7f280dc0d000 r-xp 00000000 08:01 5916927                    /usr/lib/jvm/java-7-oracle/jre/lib/amd64/libzip.so
7f280dc0d000-7f280de0d000 ---p 0001a000 08:01 5916927                    /usr/lib/jvm/java-7-oracle/jre/lib/amd64/libzip.so
7f280de0d000-7f280de0e000 rw-p 0001a000 08:01 5916927                    /usr/lib/jvm/java-7-oracle/jre/lib/amd64/libzip.so
7f280de0e000-7f280de19000 r-xp 00000000 08:01 4980763                    /lib/x86_64-linux-gnu/libnss_files-2.13.so
7f280de19000-7f280e018000 ---p 0000b000 08:01 4980763                    /lib/x86_64-linux-gnu/libnss_files-2.13.so
7f280e018000-7f280e019000 r--p 0000a000 08:01 4980763                    /lib/x86_64-linux-gnu/libnss_files-2.13.so
7f280e019000-7f280e01a000 rw-p 0000b000 08:01 4980763                    /lib/x86_64-linux-gnu/libnss_files-2.13.so
7f280e01a000-7f280e024000 r-xp 00000000 08:01 4980775                    /lib/x86_64-linux-gnu/libnss_nis-2.13.so
7f280e024000-7f280e223000 ---p 0000a000 08:01 4980775                    /lib/x86_64-linux-gnu/libnss_nis-2.13.so
7f280e223000-7f280e224000 r--p 00009000 08:01 4980775                    /lib/x86_64-linux-gnu/libnss_nis-2.13.so
7f280e224000-7f280e225000 rw-p 0000a000 08:01 4980775                    /lib/x86_64-linux-gnu/libnss_nis-2.13.so
7f280e225000-7f280e23a000 r-xp 00000000 08:01 4980773                    /lib/x86_64-linux-gnu/libnsl-2.13.so
7f280e23a000-7f280e439000 ---p 00015000 08:01 4980773                    /lib/x86_64-linux-gnu/libnsl-2.13.so
7f280e439000-7f280e43a000 r--p 00014000 08:01 4980773                    /lib/x86_64-linux-gnu/libnsl-2.13.so
7f280e43a000-7f280e43b000 rw-p 00015000 08:01 4980773                    /lib/x86_64-linux-gnu/libnsl-2.13.so
7f280e43b000-7f280e43d000 rw-p 00000000 00:00 0 
7f280e43d000-7f280e444000 r-xp 00000000 08:01 4980765                    /lib/x86_64-linux-gnu/libnss_compat-2.13.so
7f280e444000-7f280e643000 ---p 00007000 08:01 4980765                    /lib/x86_64-linux-gnu/libnss_compat-2.13.so
7f280e643000-7f280e644000 r--p 00006000 08:01 4980765                    /lib/x86_64-linux-gnu/libnss_compat-2.13.so
7f280e644000-7f280e645000 rw-p 00007000 08:01 4980765                    /lib/x86_64-linux-gnu/libnss_compat-2.13.so
7f280e645000-7f280e66e000 r-xp 00000000 08:01 5916925                    /usr/lib/jvm/java-7-oracle/jre/lib/amd64/libjava.so
7f280e66e000-7f280e86e000 ---p 00029000 08:01 5916925                    /usr/lib/jvm/java-7-oracle/jre/lib/amd64/libjava.so
7f280e86e000-7f280e870000 rw-p 00029000 08:01 5916925                    /usr/lib/jvm/java-7-oracle/jre/lib/amd64/libjava.so
7f280e870000-7f280e87d000 r-xp 00000000 08:01 5916883                    /usr/lib/jvm/java-7-oracle/jre/lib/amd64/libverify.so
7f280e87d000-7f280ea7c000 ---p 0000d000 08:01 5916883                    /usr/lib/jvm/java-7-oracle/jre/lib/amd64/libverify.so
7f280ea7c000-7f280ea7e000 rw-p 0000c000 08:01 5916883                    /usr/lib/jvm/java-7-oracle/jre/lib/amd64/libverify.so
7f280ea7e000-7f280ea85000 r-xp 00000000 08:01 4980764                    /lib/x86_64-linux-gnu/librt-2.13.so
7f280ea85000-7f280ec84000 ---p 00007000 08:01 4980764                    /lib/x86_64-linux-gnu/librt-2.13.so
7f280ec84000-7f280ec85000 r--p 00006000 08:01 4980764                    /lib/x86_64-linux-gnu/librt-2.13.so
7f280ec85000-7f280ec86000 rw-p 00007000 08:01 4980764                    /lib/x86_64-linux-gnu/librt-2.13.so
7f280ec86000-7f280ed07000 r-xp 00000000 08:01 4980766                    /lib/x86_64-linux-gnu/libm-2.13.so
7f280ed07000-7f280ef06000 ---p 00081000 08:01 4980766                    /lib/x86_64-linux-gnu/libm-2.13.so
7f280ef06000-7f280ef07000 r--p 00080000 08:01 4980766                    /lib/x86_64-linux-gnu/libm-2.13.so
7f280ef07000-7f280ef08000 rw-p 00081000 08:01 4980766                    /lib/x86_64-linux-gnu/libm-2.13.so
7f280ef08000-7f280fa6a000 r-xp 00000000 08:01 5916967                    /usr/lib/jvm/java-7-oracle/jre/lib/amd64/server/libjvm.so
7f280fa6a000-7f280fc6a000 ---p 00b62000 08:01 5916967                    /usr/lib/jvm/java-7-oracle/jre/lib/amd64/server/libjvm.so
7f280fc6a000-7f280fd2d000 rw-p 00b62000 08:01 5916967                    /usr/lib/jvm/java-7-oracle/jre/lib/amd64/server/libjvm.so
7f280fd2d000-7f280fd6e000 rw-p 00000000 00:00 0 
7f280fd6e000-7f280feee000 r-xp 00000000 08:01 4980769                    /lib/x86_64-linux-gnu/libc-2.13.so
7f280feee000-7f28100ee000 ---p 00180000 08:01 4980769                    /lib/x86_64-linux-gnu/libc-2.13.so
7f28100ee000-7f28100f2000 r--p 00180000 08:01 4980769                    /lib/x86_64-linux-gnu/libc-2.13.so
7f28100f2000-7f28100f3000 rw-p 00184000 08:01 4980769                    /lib/x86_64-linux-gnu/libc-2.13.so
7f28100f3000-7f28100f8000 rw-p 00000000 00:00 0 
7f28100f8000-7f28100fa000 r-xp 00000000 08:01 4980762                    /lib/x86_64-linux-gnu/libdl-2.13.so
7f28100fa000-7f28102fa000 ---p 00002000 08:01 4980762                    /lib/x86_64-linux-gnu/libdl-2.13.so
7f28102fa000-7f28102fb000 r--p 00002000 08:01 4980762                    /lib/x86_64-linux-gnu/libdl-2.13.so
7f28102fb000-7f28102fc000 rw-p 00003000 08:01 4980762                    /lib/x86_64-linux-gnu/libdl-2.13.so
7f28102fc000-7f2810312000 r-xp 00000000 08:01 5918746                    /usr/lib/jvm/java-7-oracle/lib/amd64/jli/libjli.so
7f2810312000-7f2810512000 ---p 00016000 08:01 5918746                    /usr/lib/jvm/java-7-oracle/lib/amd64/jli/libjli.so
7f2810512000-7f2810513000 rw-p 00016000 08:01 5918746                    /usr/lib/jvm/java-7-oracle/lib/amd64/jli/libjli.so
7f2810513000-7f281052a000 r-xp 00000000 08:01 4980759                    /lib/x86_64-linux-gnu/libpthread-2.13.so
7f281052a000-7f2810729000 ---p 00017000 08:01 4980759                    /lib/x86_64-linux-gnu/libpthread-2.13.so
7f2810729000-7f281072a000 r--p 00016000 08:01 4980759                    /lib/x86_64-linux-gnu/libpthread-2.13.so
7f281072a000-7f281072b000 rw-p 00017000 08:01 4980759                    /lib/x86_64-linux-gnu/libpthread-2.13.so
7f281072b000-7f281072f000 rw-p 00000000 00:00 0 
7f281072f000-7f281074f000 r-xp 00000000 08:01 4980772                    /lib/x86_64-linux-gnu/ld-2.13.so
7f2810750000-7f2810757000 r--s 00000000 08:01 5768313                    /usr/lib/x86_64-linux-gnu/gconv/gconv-modules.cache
7f2810757000-7f2810776000 rw-p 00000000 00:00 0 
7f2810776000-7f281082c000 rw-p 00000000 00:00 0 
7f281082c000-7f281082f000 ---p 00000000 00:00 0 
7f281082f000-7f2810931000 rw-p 00000000 00:00 0 
7f2810931000-7f2810932000 r--s 00000000 08:01 3831803                    /home/freeman/.local/share/mime/mime.cache
7f2810932000-7f2810933000 rw-p 00000000 00:00 0 
7f2810933000-7f2810942000 r--p 00000000 08:01 5776426                    /usr/share/locale/fr/LC_MESSAGES/gtk20.mo
7f2810942000-7f281094a000 rw-s 00000000 08:01 2886974                    /tmp/hsperfdata_freeman/4842
7f281094a000-7f281094b000 rw-p 00000000 00:00 0 
7f281094b000-7f281094c000 r--p 00000000 00:00 0 
7f281094c000-7f281094e000 rw-p 00000000 00:00 0 
7f281094e000-7f281094f000 r--p 0001f000 08:01 4980772                    /lib/x86_64-linux-gnu/ld-2.13.so
7f281094f000-7f2810950000 rw-p 00020000 08:01 4980772                    /lib/x86_64-linux-gnu/ld-2.13.so
7f2810950000-7f2810951000 rw-p 00000000 00:00 0 
7fff80cbb000-7fff80cdc000 rw-p 00000000 00:00 0                          [stack]
7fff80d53000-7fff80d54000 r-xp 00000000 00:00 0                          [vdso]
ffffffffff600000-ffffffffff601000 r-xp 00000000 00:00 0                  [vsyscall]

VM Arguments:
jvm_args: -Dfile.encoding=UTF-8 
java_command: com.marajy.mp3renamer.Main
Launcher Type: SUN_STANDARD

Environment Variables:
PATH=/usr/local/bin:/usr/bin:/bin:/usr/local/games:/usr/games
SHELL=/bin/bash
DISPLAY=:0.0

Signal Handlers:
SIGSEGV: [libjvm.so+0x9935b0], sa_mask[0]=0x7ffbfeff, sa_flags=0x10000004
SIGBUS: [libjvm.so+0x9935b0], sa_mask[0]=0x7ffbfeff, sa_flags=0x10000004
SIGFPE: [libjvm.so+0x810330], sa_mask[0]=0x7ffbfeff, sa_flags=0x10000004
SIGPIPE: SIG_IGN, sa_mask[0]=0x00001000, sa_flags=0x10000000
SIGXFSZ: [libjvm.so+0x810330], sa_mask[0]=0x7ffbfeff, sa_flags=0x10000004
SIGILL: [libjvm.so+0x810330], sa_mask[0]=0x7ffbfeff, sa_flags=0x10000004
SIGUSR1: SIG_DFL, sa_mask[0]=0x00000000, sa_flags=0x00000000
SIGUSR2: [libjvm.so+0x811820], sa_mask[0]=0x00000004, sa_flags=0x10000004
SIGHUP: [libjvm.so+0x812790], sa_mask[0]=0x7ffbfeff, sa_flags=0x10000004
SIGINT: [libjvm.so+0x812790], sa_mask[0]=0x7ffbfeff, sa_flags=0x10000004
SIGTERM: [libjvm.so+0x812790], sa_mask[0]=0x7ffbfeff, sa_flags=0x10000004
SIGQUIT: [libjvm.so+0x812790], sa_mask[0]=0x7ffbfeff, sa_flags=0x10000004


---------------  S Y S T E M  ---------------

OS:7.3

uname:Linux 3.2.0-4-amd64 #1 SMP Debian 3.2.51-1 x86_64
libc:glibc 2.13 NPTL 2.13 
rlimit: STACK 8192k, CORE 0k, NPROC 30447, NOFILE 4096, AS infinity
load average:1,10 1,34 1,17

/proc/meminfo:
MemTotal:        3909368 kB
MemFree:          142572 kB
Buffers:            7548 kB
Cached:           286076 kB
SwapCached:        89944 kB
Active:          1721812 kB
Inactive:         526256 kB
Active(anon):    1655796 kB
Inactive(anon):   464832 kB
Active(file):      66016 kB
Inactive(file):    61424 kB
Unevictable:     1312216 kB
Mlocked:         1312216 kB
SwapTotal:       4789244 kB
SwapFree:        2666944 kB
Dirty:              1172 kB
Writeback:             0 kB
AnonPages:       3230672 kB
Mapped:           107060 kB
Shmem:            138676 kB
Slab:              82456 kB
SReclaimable:      38884 kB
SUnreclaim:        43572 kB
KernelStack:        6064 kB
PageTables:        71124 kB
NFS_Unstable:          0 kB
Bounce:                0 kB
WritebackTmp:          0 kB
CommitLimit:     6743928 kB
Committed_AS:    8923552 kB
VmallocTotal:   34359738367 kB
VmallocUsed:      556620 kB
VmallocChunk:   34359115140 kB
HardwareCorrupted:     0 kB
AnonHugePages:         0 kB
HugePages_Total:       0
HugePages_Free:        0
HugePages_Rsvd:        0
HugePages_Surp:        0
Hugepagesize:       2048 kB
DirectMap4k:      100352 kB
DirectMap2M:     3944448 kB


CPU:total 4 (2 cores per cpu, 2 threads per core) family 6 model 42 stepping 7, cmov, cx8, fxsr, mmx, sse, sse2, sse3, ssse3, sse4.1, sse4.2, popcnt, avx, aes, ht, tsc, tscinvbit

/proc/cpuinfo:
processor	: 0
vendor_id	: GenuineIntel
cpu family	: 6
model		: 42
model name	: Intel(R) Core(TM) i5-2467M CPU @ 1.60GHz
stepping	: 7
microcode	: 0x23
cpu MHz		: 1601.000
cache size	: 3072 KB
physical id	: 0
siblings	: 4
core id		: 0
cpu cores	: 2
apicid		: 0
initial apicid	: 0
fpu		: yes
fpu_exception	: yes
cpuid level	: 13
wp		: yes
flags		: fpu vme de pse tsc msr pae mce cx8 apic sep mtrr pge mca cmov pat pse36 clflush dts acpi mmx fxsr sse sse2 ss ht tm pbe syscall nx rdtscp lm constant_tsc arch_perfmon pebs bts rep_good nopl xtopology nonstop_tsc aperfmperf pni pclmulqdq dtes64 monitor ds_cpl vmx est tm2 ssse3 cx16 xtpr pdcm pcid sse4_1 sse4_2 x2apic popcnt tsc_deadline_timer aes xsave avx lahf_lm ida arat epb xsaveopt pln pts dtherm tpr_shadow vnmi flexpriority ept vpid
bogomips	: 3193.25
clflush size	: 64
cache_alignment	: 64
address sizes	: 36 bits physical, 48 bits virtual
power management:

processor	: 1
vendor_id	: GenuineIntel
cpu family	: 6
model		: 42
model name	: Intel(R) Core(TM) i5-2467M CPU @ 1.60GHz
stepping	: 7
microcode	: 0x23
cpu MHz		: 1601.000
cache size	: 3072 KB
physical id	: 0
siblings	: 4
core id		: 0
cpu cores	: 2
apicid		: 1
initial apicid	: 1
fpu		: yes
fpu_exception	: yes
cpuid level	: 13
wp		: yes
flags		: fpu vme de pse tsc msr pae mce cx8 apic sep mtrr pge mca cmov pat pse36 clflush dts acpi mmx fxsr sse sse2 ss ht tm pbe syscall nx rdtscp lm constant_tsc arch_perfmon pebs bts rep_good nopl xtopology nonstop_tsc aperfmperf pni pclmulqdq dtes64 monitor ds_cpl vmx est tm2 ssse3 cx16 xtpr pdcm pcid sse4_1 sse4_2 x2apic popcnt tsc_deadline_timer aes xsave avx lahf_lm ida arat epb xsaveopt pln pts dtherm tpr_shadow vnmi flexpriority ept vpid
bogomips	: 3192.60
clflush size	: 64
cache_alignment	: 64
address sizes	: 36 bits physical, 48 bits virtual
power management:

processor	: 2
vendor_id	: GenuineIntel
cpu family	: 6
model		: 42
model name	: Intel(R) Core(TM) i5-2467M CPU @ 1.60GHz
stepping	: 7
microcode	: 0x23
cpu MHz		: 900.000
cache size	: 3072 KB
physical id	: 0
siblings	: 4
core id		: 1
cpu cores	: 2
apicid		: 2
initial apicid	: 2
fpu		: yes
fpu_exception	: yes
cpuid level	: 13
wp		: yes
flags		: fpu vme de pse tsc msr pae mce cx8 apic sep mtrr pge mca cmov pat pse36 clflush dts acpi mmx fxsr sse sse2 ss ht tm pbe syscall nx rdtscp lm constant_tsc arch_perfmon pebs bts rep_good nopl xtopology nonstop_tsc aperfmperf pni pclmulqdq dtes64 monitor ds_cpl vmx est tm2 ssse3 cx16 xtpr pdcm pcid sse4_1 sse4_2 x2apic popcnt tsc_deadline_timer aes xsave avx lahf_lm ida arat epb xsaveopt pln pts dtherm tpr_shadow vnmi flexpriority ept vpid
bogomips	: 3192.61
clflush size	: 64
cache_alignment	: 64
address sizes	: 36 bits physical, 48 bits virtual
power management:

processor	: 3
vendor_id	: GenuineIntel
cpu family	: 6
model		: 42
model name	: Intel(R) Core(TM) i5-2467M CPU @ 1.60GHz
stepping	: 7
microcode	: 0x23
cpu MHz		: 1601.000
cache size	: 3072 KB
physical id	: 0
siblings	: 4
core id		: 1
cpu cores	: 2
apicid		: 3
initial apicid	: 3
fpu		: yes
fpu_exception	: yes
cpuid level	: 13
wp		: yes
flags		: fpu vme de pse tsc msr pae mce cx8 apic sep mtrr pge mca cmov pat pse36 clflush dts acpi mmx fxsr sse sse2 ss ht tm pbe syscall nx rdtscp lm constant_tsc arch_perfmon pebs bts rep_good nopl xtopology nonstop_tsc aperfmperf pni pclmulqdq dtes64 monitor ds_cpl vmx est tm2 ssse3 cx16 xtpr pdcm pcid sse4_1 sse4_2 x2apic popcnt tsc_deadline_timer aes xsave avx lahf_lm ida arat epb xsaveopt pln pts dtherm tpr_shadow vnmi flexpriority ept vpid
bogomips	: 3192.62
clflush size	: 64
cache_alignment	: 64
address sizes	: 36 bits physical, 48 bits virtual
power management:



Memory: 4k page, physical 3909368k(142572k free), swap 4789244k(2666944k free)

vm_info: Java HotSpot(TM) 64-Bit Server VM (24.45-b08) for linux-amd64 JRE (1.7.0_45-b18), built on Oct  8 2013 05:44:25 by "java_re" with gcc 4.3.0 20080428 (Red Hat 4.3.0-8)

time: Thu Dec 26 10:33:06 2013
elapsed time: 31 seconds

